# JRE version: OpenJDK Runtime Environment (8.0_252-b09) (build 1.8.0_252-b09)
# Java VM: OpenJDK 64-Bit Server VM (25.252-b09 mixed mode windows-amd64 compressed oops)
Heap:
 PSYoungGen      total 137216K, used 24460K [0x000000076b780000, 0x0000000774b80000, 0x00000007c0000000)
  eden space 126464K, 10% used [0x000000076b780000,0x000000076c4e7808,0x0000000773300000)
  from space 10752K, 99% used [0x0000000774100000,0x0000000774b7bbc8,0x0000000774b80000)
  to   space 10752K, 0% used [0x0000000773680000,0x0000000773680000,0x0000000774100000)
 ParOldGen       total 190976K, used 117959K [0x00000006c2600000, 0x00000006ce080000, 0x000000076b780000)
  object space 190976K, 61% used [0x00000006c2600000,0x00000006c9931eb0,0x00000006ce080000)
 Metaspace       used 5283K, capacity 5366K, committed 5504K, reserved 1056768K
  class space    used 540K, capacity 594K, committed 640K, reserved 1048576K
GC Heap History (10 events):
Event: 7.096 GC heap before
{Heap before GC invocations=1 (full 0):
 PSYoungGen      total 75776K, used 64898K [0x000000076b780000, 0x0000000770c00000, 0x00000007c0000000)
  eden space 65024K, 99% used [0x000000076b780000,0x000000076f6e0808,0x000000076f700000)
  from space 10752K, 0% used [0x0000000770180000,0x0000000770180000,0x0000000770c00000)
  to   space 10752K, 0% used [0x000000076f700000,0x000000076f700000,0x0000000770180000)
 ParOldGen       total 173568K, used 0K [0x00000006c2600000, 0x00000006ccf80000, 0x000000076b780000)
  object space 173568K, 0% used [0x00000006c2600000,0x00000006c2600000,0x00000006ccf80000)
 Metaspace       used 5249K, capacity 5366K, committed 5504K, reserved 1056768K
  class space    used 539K, capacity 594K, committed 640K, reserved 1048576K
Event: 7.131 GC heap after
Heap after GC invocations=1 (full 0):
 PSYoungGen      total 75776K, used 10742K [0x000000076b780000, 0x0000000770c00000, 0x00000007c0000000)
  eden space 65024K, 0% used [0x000000076b780000,0x000000076b780000,0x000000076f700000)
  from space 10752K, 99% used [0x000000076f700000,0x000000077017d838,0x0000000770180000)
  to   space 10752K, 0% used [0x0000000770180000,0x0000000770180000,0x0000000770c00000)
 ParOldGen       total 173568K, used 47911K [0x00000006c2600000, 0x00000006ccf80000, 0x000000076b780000)
  object space 173568K, 27% used [0x00000006c2600000,0x00000006c54c9c10,0x00000006ccf80000)
 Metaspace       used 5249K, capacity 5366K, committed 5504K, reserved 1056768K
  class space    used 539K, capacity 594K, committed 640K, reserved 1048576K
}
Event: 7.528 GC heap before
{Heap before GC invocations=2 (full 0):
 PSYoungGen      total 75776K, used 75766K [0x000000076b780000, 0x0000000770c00000, 0x00000007c0000000)
  eden space 65024K, 100% used [0x000000076b780000,0x000000076f700000,0x000000076f700000)
  from space 10752K, 99% used [0x000000076f700000,0x000000077017d838,0x0000000770180000)
  to   space 10752K, 0% used [0x0000000770180000,0x0000000770180000,0x0000000770c00000)
 ParOldGen       total 173568K, used 47911K [0x00000006c2600000, 0x00000006ccf80000, 0x000000076b780000)
  object space 173568K, 27% used [0x00000006c2600000,0x00000006c54c9c10,0x00000006ccf80000)
 Metaspace       used 5282K, capacity 5366K, committed 5504K, reserved 1056768K
  class space    used 540K, capacity 594K, committed 640K, reserved 1048576K
Event: 7.567 GC heap after
Heap after GC invocations=2 (full 0):
 PSYoungGen      total 75776K, used 10751K [0x000000076b780000, 0x0000000774b80000, 0x00000007c0000000)
  eden space 65024K, 0% used [0x000000076b780000,0x000000076b780000,0x000000076f700000)
  from space 10752K, 99% used [0x0000000770180000,0x0000000770bfffc0,0x0000000770c00000)
  to   space 10752K, 0% used [0x000000076f700000,0x000000076f700000,0x0000000770180000)
 ParOldGen       total 173568K, used 101381K [0x00000006c2600000, 0x00000006ccf80000, 0x000000076b780000)
  object space 173568K, 58% used [0x00000006c2600000,0x00000006c89017a8,0x00000006ccf80000)
 Metaspace       used 5282K, capacity 5366K, committed 5504K, reserved 1056768K
  class space    used 540K, capacity 594K, committed 640K, reserved 1048576K
}
Event: 12.985 GC heap before
{Heap before GC invocations=3 (full 0):
 PSYoungGen      total 75776K, used 75751K [0x000000076b780000, 0x0000000774b80000, 0x00000007c0000000)
  eden space 65024K, 99% used [0x000000076b780000,0x000000076f6f9ca8,0x000000076f700000)
  from space 10752K, 99% used [0x0000000770180000,0x0000000770bfffc0,0x0000000770c00000)
  to   space 10752K, 0% used [0x000000076f700000,0x000000076f700000,0x0000000770180000)
 ParOldGen       total 173568K, used 101381K [0x00000006c2600000, 0x00000006ccf80000, 0x000000076b780000)
  object space 173568K, 58% used [0x00000006c2600000,0x00000006c89017a8,0x00000006ccf80000)
 Metaspace       used 5283K, capacity 5366K, committed 5504K, reserved 1056768K
  class space    used 540K, capacity 594K, committed 640K, reserved 1048576K
Event: 13.018 GC heap after
Heap after GC invocations=3 (full 0):
 PSYoungGen      total 75776K, used 10737K [0x000000076b780000, 0x0000000774b80000, 0x00000007c0000000)
  eden space 65024K, 0% used [0x000000076b780000,0x000000076b780000,0x000000076f700000)
  from space 10752K, 99% used [0x000000076f700000,0x000000077017c690,0x0000000770180000)
  to   space 10752K, 0% used [0x0000000774100000,0x0000000774100000,0x0000000774b80000)
 ParOldGen       total 173568K, used 155827K [0x00000006c2600000, 0x00000006ccf80000, 0x000000076b780000)
  object space 173568K, 89% used [0x00000006c2600000,0x00000006cbe2ced8,0x00000006ccf80000)
 Metaspace       used 5283K, capacity 5366K, committed 5504K, reserved 1056768K
  class space    used 540K, capacity 594K, committed 640K, reserved 1048576K
}
Event: 13.018 GC heap before
{Heap before GC invocations=4 (full 1):
 PSYoungGen      total 75776K, used 10737K [0x000000076b780000, 0x0000000774b80000, 0x00000007c0000000)
  eden space 65024K, 0% used [0x000000076b780000,0x000000076b780000,0x000000076f700000)
  from space 10752K, 99% used [0x000000076f700000,0x000000077017c690,0x0000000770180000)
  to   space 10752K, 0% used [0x0000000774100000,0x0000000774100000,0x0000000774b80000)
 ParOldGen       total 173568K, used 155827K [0x00000006c2600000, 0x00000006ccf80000, 0x000000076b780000)
  object space 173568K, 89% used [0x00000006c2600000,0x00000006cbe2ced8,0x00000006ccf80000)
 Metaspace       used 5283K, capacity 5366K, committed 5504K, reserved 1056768K
  class space    used 540K, capacity 594K, committed 640K, reserved 1048576K
Event: 13.046 GC heap after
Heap after GC invocations=4 (full 1):
 PSYoungGen      total 75776K, used 0K [0x000000076b780000, 0x0000000774b80000, 0x00000007c0000000)
  eden space 65024K, 0% used [0x000000076b780000,0x000000076b780000,0x000000076f700000)
  from space 10752K, 0% used [0x000000076f700000,0x000000076f700000,0x0000000770180000)
  to   space 10752K, 0% used [0x0000000774100000,0x0000000774100000,0x0000000774b80000)
 ParOldGen       total 190976K, used 64301K [0x00000006c2600000, 0x00000006ce080000, 0x000000076b780000)
  object space 190976K, 33% used [0x00000006c2600000,0x00000006c64cb4a0,0x00000006ce080000)
 Metaspace       used 5283K, capacity 5366K, committed 5504K, reserved 1056768K
  class space    used 540K, capacity 594K, committed 640K, reserved 1048576K
}
Event: 13.276 GC heap before
{Heap before GC invocations=5 (full 1):
 PSYoungGen      total 75776K, used 65024K [0x000000076b780000, 0x0000000774b80000, 0x00000007c0000000)
  eden space 65024K, 100% used [0x000000076b780000,0x000000076f700000,0x000000076f700000)
  from space 10752K, 0% used [0x000000076f700000,0x000000076f700000,0x0000000770180000)
  to   space 10752K, 0% used [0x0000000774100000,0x0000000774100000,0x0000000774b80000)
 ParOldGen       total 190976K, used 64301K [0x00000006c2600000, 0x00000006ce080000, 0x000000076b780000)
  object space 190976K, 33% used [0x00000006c2600000,0x00000006c64cb4a0,0x00000006ce080000)
 Metaspace       used 5283K, capacity 5366K, committed 5504K, reserved 1056768K
  class space    used 540K, capacity 594K, committed 640K, reserved 1048576K
Event: 13.288 GC heap after
Heap after GC invocations=5 (full 1):
 PSYoungGen      total 137216K, used 10734K [0x000000076b780000, 0x0000000774b80000, 0x00000007c0000000)
  eden space 126464K, 0% used [0x000000076b780000,0x000000076b780000,0x0000000773300000)
  from space 10752K, 99% used [0x0000000774100000,0x0000000774b7bbc8,0x0000000774b80000)
  to   space 10752K, 0% used [0x0000000773680000,0x0000000773680000,0x0000000774100000)
 ParOldGen       total 190976K, used 117959K [0x00000006c2600000, 0x00000006ce080000, 0x000000076b780000)
  object space 190976K, 61% used [0x00000006c2600000,0x00000006c9931eb0,0x00000006ce080000)
 Metaspace       used 5283K, capacity 5366K, committed 5504K, reserved 1056768K
  class space    used 540K, capacity 594K, committed 640K, reserved 1048576K
}

