# JRE version: OpenJDK Runtime Environment (8.0_252-b09) (build 1.8.0_252-b09)
# Java VM: OpenJDK 64-Bit Server VM (25.252-b09 mixed mode windows-amd64 compressed oops)
Heap:
 PSYoungGen      total 136704K, used 52317K [0x000000076b780000, 0x0000000774b80000, 0x00000007c0000000)
  eden space 125952K, 33% used [0x000000076b780000,0x000000076e01b9e8,0x0000000773280000)
  from space 10752K, 99% used [0x0000000774100000,0x0000000774b7bbc8,0x0000000774b80000)
  to   space 10752K, 0% used [0x0000000773680000,0x0000000773680000,0x0000000774100000)
 ParOldGen       total 192512K, used 116272K [0x00000006c2600000, 0x00000006ce200000, 0x000000076b780000)
  object space 192512K, 60% used [0x00000006c2600000,0x00000006c978c340,0x00000006ce200000)
 Metaspace       used 5307K, capacity 5366K, committed 5504K, reserved 1056768K
  class space    used 544K, capacity 594K, committed 640K, reserved 1048576K
GC Heap History (10 events):
Event: 6.749 GC heap before
{Heap before GC invocations=1 (full 0):
 PSYoungGen      total 75776K, used 64898K [0x000000076b780000, 0x0000000770c00000, 0x00000007c0000000)
  eden space 65024K, 99% used [0x000000076b780000,0x000000076f6e0808,0x000000076f700000)
  from space 10752K, 0% used [0x0000000770180000,0x0000000770180000,0x0000000770c00000)
  to   space 10752K, 0% used [0x000000076f700000,0x000000076f700000,0x0000000770180000)
 ParOldGen       total 173568K, used 0K [0x00000006c2600000, 0x00000006ccf80000, 0x000000076b780000)
  object space 173568K, 0% used [0x00000006c2600000,0x00000006c2600000,0x00000006ccf80000)
 Metaspace       used 5247K, capacity 5366K, committed 5504K, reserved 1056768K
  class space    used 539K, capacity 594K, committed 640K, reserved 1048576K
Event: 6.781 GC heap after
Heap after GC invocations=1 (full 0):
 PSYoungGen      total 75776K, used 10735K [0x000000076b780000, 0x0000000770c00000, 0x00000007c0000000)
  eden space 65024K, 0% used [0x000000076b780000,0x000000076b780000,0x000000076f700000)
  from space 10752K, 99% used [0x000000076f700000,0x000000077017bfd0,0x0000000770180000)
  to   space 10752K, 0% used [0x0000000770180000,0x0000000770180000,0x0000000770c00000)
 ParOldGen       total 173568K, used 48172K [0x00000006c2600000, 0x00000006ccf80000, 0x000000076b780000)
  object space 173568K, 27% used [0x00000006c2600000,0x00000006c550b2d8,0x00000006ccf80000)
 Metaspace       used 5247K, capacity 5366K, committed 5504K, reserved 1056768K
  class space    used 539K, capacity 594K, committed 640K, reserved 1048576K
}
Event: 7.111 GC heap before
{Heap before GC invocations=2 (full 0):
 PSYoungGen      total 75776K, used 75630K [0x000000076b780000, 0x0000000770c00000, 0x00000007c0000000)
  eden space 65024K, 99% used [0x000000076b780000,0x000000076f6df890,0x000000076f700000)
  from space 10752K, 99% used [0x000000076f700000,0x000000077017bfd0,0x0000000770180000)
  to   space 10752K, 0% used [0x0000000770180000,0x0000000770180000,0x0000000770c00000)
 ParOldGen       total 173568K, used 48172K [0x00000006c2600000, 0x00000006ccf80000, 0x000000076b780000)
  object space 173568K, 27% used [0x00000006c2600000,0x00000006c550b2d8,0x00000006ccf80000)
 Metaspace       used 5276K, capacity 5366K, committed 5504K, reserved 1056768K
  class space    used 540K, capacity 594K, committed 640K, reserved 1048576K
Event: 7.152 GC heap after
Heap after GC invocations=2 (full 0):
 PSYoungGen      total 75776K, used 10730K [0x000000076b780000, 0x0000000774b80000, 0x00000007c0000000)
  eden space 65024K, 0% used [0x000000076b780000,0x000000076b780000,0x000000076f700000)
  from space 10752K, 99% used [0x0000000770180000,0x0000000770bfa9b0,0x0000000770c00000)
  to   space 10752K, 0% used [0x000000076f700000,0x000000076f700000,0x0000000770180000)
 ParOldGen       total 173568K, used 102613K [0x00000006c2600000, 0x00000006ccf80000, 0x000000076b780000)
  object space 173568K, 59% used [0x00000006c2600000,0x00000006c8a356c8,0x00000006ccf80000)
 Metaspace       used 5276K, capacity 5366K, committed 5504K, reserved 1056768K
  class space    used 540K, capacity 594K, committed 640K, reserved 1048576K
}
Event: 12.606 GC heap before
{Heap before GC invocations=3 (full 0):
 PSYoungGen      total 75776K, used 75712K [0x000000076b780000, 0x0000000774b80000, 0x00000007c0000000)
  eden space 65024K, 99% used [0x000000076b780000,0x000000076f6f5868,0x000000076f700000)
  from space 10752K, 99% used [0x0000000770180000,0x0000000770bfa9b0,0x0000000770c00000)
  to   space 10752K, 0% used [0x000000076f700000,0x000000076f700000,0x0000000770180000)
 ParOldGen       total 173568K, used 102613K [0x00000006c2600000, 0x00000006ccf80000, 0x000000076b780000)
  object space 173568K, 59% used [0x00000006c2600000,0x00000006c8a356c8,0x00000006ccf80000)
 Metaspace       used 5278K, capacity 5366K, committed 5504K, reserved 1056768K
  class space    used 540K, capacity 594K, committed 640K, reserved 1048576K
Event: 12.632 GC heap after
Heap after GC invocations=3 (full 0):
 PSYoungGen      total 75776K, used 10742K [0x000000076b780000, 0x0000000774b80000, 0x00000007c0000000)
  eden space 65024K, 0% used [0x000000076b780000,0x000000076b780000,0x000000076f700000)
  from space 10752K, 99% used [0x000000076f700000,0x000000077017d818,0x0000000770180000)
  to   space 10752K, 0% used [0x0000000774100000,0x0000000774100000,0x0000000774b80000)
 ParOldGen       total 173568K, used 157139K [0x00000006c2600000, 0x00000006ccf80000, 0x000000076b780000)
  object space 173568K, 90% used [0x00000006c2600000,0x00000006cbf74c40,0x00000006ccf80000)
 Metaspace       used 5278K, capacity 5366K, committed 5504K, reserved 1056768K
  class space    used 540K, capacity 594K, committed 640K, reserved 1048576K
}
Event: 12.632 GC heap before
{Heap before GC invocations=4 (full 1):
 PSYoungGen      total 75776K, used 10742K [0x000000076b780000, 0x0000000774b80000, 0x00000007c0000000)
  eden space 65024K, 0% used [0x000000076b780000,0x000000076b780000,0x000000076f700000)
  from space 10752K, 99% used [0x000000076f700000,0x000000077017d818,0x0000000770180000)
  to   space 10752K, 0% used [0x0000000774100000,0x0000000774100000,0x0000000774b80000)
 ParOldGen       total 173568K, used 157139K [0x00000006c2600000, 0x00000006ccf80000, 0x000000076b780000)
  object space 173568K, 90% used [0x00000006c2600000,0x00000006cbf74c40,0x00000006ccf80000)
 Metaspace       used 5278K, capacity 5366K, committed 5504K, reserved 1056768K
  class space    used 540K, capacity 594K, committed 640K, reserved 1048576K
Event: 12.672 GC heap after
Heap after GC invocations=4 (full 1):
 PSYoungGen      total 75776K, used 0K [0x000000076b780000, 0x0000000774b80000, 0x00000007c0000000)
  eden space 65024K, 0% used [0x000000076b780000,0x000000076b780000,0x000000076f700000)
  from space 10752K, 0% used [0x000000076f700000,0x000000076f700000,0x0000000770180000)
  to   space 10752K, 0% used [0x0000000774100000,0x0000000774100000,0x0000000774b80000)
 ParOldGen       total 192512K, used 64302K [0x00000006c2600000, 0x00000006ce200000, 0x000000076b780000)
  object space 192512K, 33% used [0x00000006c2600000,0x00000006c64cbb68,0x00000006ce200000)
 Metaspace       used 5278K, capacity 5366K, committed 5504K, reserved 1056768K
  class space    used 540K, capacity 594K, committed 640K, reserved 1048576K
}
Event: 12.921 GC heap before
{Heap before GC invocations=5 (full 1):
 PSYoungGen      total 75776K, used 64869K [0x000000076b780000, 0x0000000774b80000, 0x00000007c0000000)
  eden space 65024K, 99% used [0x000000076b780000,0x000000076f6d94c0,0x000000076f700000)
  from space 10752K, 0% used [0x000000076f700000,0x000000076f700000,0x0000000770180000)
  to   space 10752K, 0% used [0x0000000774100000,0x0000000774100000,0x0000000774b80000)
 ParOldGen       total 192512K, used 64302K [0x00000006c2600000, 0x00000006ce200000, 0x000000076b780000)
  object space 192512K, 33% used [0x00000006c2600000,0x00000006c64cbb68,0x00000006ce200000)
 Metaspace       used 5278K, capacity 5366K, committed 5504K, reserved 1056768K
  class space    used 540K, capacity 594K, committed 640K, reserved 1048576K
Event: 12.936 GC heap after
Heap after GC invocations=5 (full 1):
 PSYoungGen      total 136704K, used 10734K [0x000000076b780000, 0x0000000774b80000, 0x00000007c0000000)
  eden space 125952K, 0% used [0x000000076b780000,0x000000076b780000,0x0000000773280000)
  from space 10752K, 99% used [0x0000000774100000,0x0000000774b7bbc8,0x0000000774b80000)
  to   space 10752K, 0% used [0x0000000773680000,0x0000000773680000,0x0000000774100000)
 ParOldGen       total 192512K, used 116272K [0x00000006c2600000, 0x00000006ce200000, 0x000000076b780000)
  object space 192512K, 60% used [0x00000006c2600000,0x00000006c978c340,0x00000006ce200000)
 Metaspace       used 5278K, capacity 5366K, committed 5504K, reserved 1056768K
  class space    used 540K, capacity 594K, committed 640K, reserved 1048576K
}

