# JRE version: OpenJDK Runtime Environment (8.0_252-b09) (build 1.8.0_252-b09)
# Java VM: OpenJDK 64-Bit Server VM (25.252-b09 mixed mode windows-amd64 compressed oops)
Heap:
 PSYoungGen      total 314368K, used 295145K [0x000000076b780000, 0x0000000787a80000, 0x00000007c0000000)
  eden space 225792K, 91% used [0x000000076b780000,0x00000007781502c8,0x0000000779400000)
  from space 88576K, 99% used [0x000000077fc80000,0x00000007852ea1e8,0x0000000785300000)
  to   space 107008K, 0% used [0x0000000779400000,0x0000000779400000,0x000000077fc80000)
 ParOldGen       total 302592K, used 160348K [0x00000006c2600000, 0x00000006d4d80000, 0x000000076b780000)
  object space 302592K, 52% used [0x00000006c2600000,0x00000006cc297398,0x00000006d4d80000)
 Metaspace       used 5335K, capacity 5430K, committed 5504K, reserved 1056768K
  class space    used 544K, capacity 594K, committed 640K, reserved 1048576K
GC Heap History (10 events):
Event: 20.577 GC heap before
{Heap before GC invocations=4 (full 1):
 PSYoungGen      total 75776K, used 10742K [0x000000076b780000, 0x0000000774b80000, 0x00000007c0000000)
  eden space 65024K, 0% used [0x000000076b780000,0x000000076b780000,0x000000076f700000)
  from space 10752K, 99% used [0x000000076f700000,0x000000077017d838,0x0000000770180000)
  to   space 10752K, 0% used [0x0000000774100000,0x0000000774100000,0x0000000774b80000)
 ParOldGen       total 173568K, used 158296K [0x00000006c2600000, 0x00000006ccf80000, 0x000000076b780000)
  object space 173568K, 91% used [0x00000006c2600000,0x00000006cc096310,0x00000006ccf80000)
 Metaspace       used 5293K, capacity 5366K, committed 5504K, reserved 1056768K
  class space    used 540K, capacity 594K, committed 640K, reserved 1048576K
Event: 20.605 GC heap after
Heap after GC invocations=4 (full 1):
 PSYoungGen      total 75776K, used 0K [0x000000076b780000, 0x0000000774b80000, 0x00000007c0000000)
  eden space 65024K, 0% used [0x000000076b780000,0x000000076b780000,0x000000076f700000)
  from space 10752K, 0% used [0x000000076f700000,0x000000076f700000,0x0000000770180000)
  to   space 10752K, 0% used [0x0000000774100000,0x0000000774100000,0x0000000774b80000)
 ParOldGen       total 194560K, used 64116K [0x00000006c2600000, 0x00000006ce400000, 0x000000076b780000)
  object space 194560K, 32% used [0x00000006c2600000,0x00000006c649d170,0x00000006ce400000)
 Metaspace       used 5293K, capacity 5366K, committed 5504K, reserved 1056768K
  class space    used 540K, capacity 594K, committed 640K, reserved 1048576K
}
Event: 20.821 GC heap before
{Heap before GC invocations=5 (full 1):
 PSYoungGen      total 75776K, used 65024K [0x000000076b780000, 0x0000000774b80000, 0x00000007c0000000)
  eden space 65024K, 100% used [0x000000076b780000,0x000000076f700000,0x000000076f700000)
  from space 10752K, 0% used [0x000000076f700000,0x000000076f700000,0x0000000770180000)
  to   space 10752K, 0% used [0x0000000774100000,0x0000000774100000,0x0000000774b80000)
 ParOldGen       total 194560K, used 64116K [0x00000006c2600000, 0x00000006ce400000, 0x000000076b780000)
  object space 194560K, 32% used [0x00000006c2600000,0x00000006c649d170,0x00000006ce400000)
 Metaspace       used 5293K, capacity 5366K, committed 5504K, reserved 1056768K
  class space    used 540K, capacity 594K, committed 640K, reserved 1048576K
Event: 20.835 GC heap after
Heap after GC invocations=5 (full 1):
 PSYoungGen      total 137216K, used 10734K [0x000000076b780000, 0x0000000774b80000, 0x00000007c0000000)
  eden space 126464K, 0% used [0x000000076b780000,0x000000076b780000,0x0000000773300000)
  from space 10752K, 99% used [0x0000000774100000,0x0000000774b7bbc8,0x0000000774b80000)
  to   space 10752K, 0% used [0x0000000773680000,0x0000000773680000,0x0000000774100000)
 ParOldGen       total 194560K, used 115898K [0x00000006c2600000, 0x00000006ce400000, 0x000000076b780000)
  object space 194560K, 59% used [0x00000006c2600000,0x00000006c972ead0,0x00000006ce400000)
 Metaspace       used 5293K, capacity 5366K, committed 5504K, reserved 1056768K
  class space    used 540K, capacity 594K, committed 640K, reserved 1048576K
}
Event: 28.798 GC heap before
{Heap before GC invocations=6 (full 1):
 PSYoungGen      total 137216K, used 137198K [0x000000076b780000, 0x0000000774b80000, 0x00000007c0000000)
  eden space 126464K, 100% used [0x000000076b780000,0x0000000773300000,0x0000000773300000)
  from space 10752K, 99% used [0x0000000774100000,0x0000000774b7bbc8,0x0000000774b80000)
  to   space 10752K, 0% used [0x0000000773680000,0x0000000773680000,0x0000000774100000)
 ParOldGen       total 194560K, used 115898K [0x00000006c2600000, 0x00000006ce400000, 0x000000076b780000)
  object space 194560K, 59% used [0x00000006c2600000,0x00000006c972ead0,0x00000006ce400000)
 Metaspace       used 5294K, capacity 5366K, committed 5504K, reserved 1056768K
  class space    used 540K, capacity 594K, committed 640K, reserved 1048576K
Event: 28.827 GC heap after
Heap after GC invocations=6 (full 1):
 PSYoungGen      total 140800K, used 10615K [0x000000076b780000, 0x0000000785300000, 0x00000007c0000000)
  eden space 130048K, 0% used [0x000000076b780000,0x000000076b780000,0x0000000773680000)
  from space 10752K, 98% used [0x0000000773680000,0x00000007740dded8,0x0000000774100000)
  to   space 88576K, 0% used [0x000000077fc80000,0x000000077fc80000,0x0000000785300000)
 ParOldGen       total 231424K, used 231283K [0x00000006c2600000, 0x00000006d0800000, 0x000000076b780000)
  object space 231424K, 99% used [0x00000006c2600000,0x00000006d07dcd18,0x00000006d0800000)
 Metaspace       used 5294K, capacity 5366K, committed 5504K, reserved 1056768K
  class space    used 540K, capacity 594K, committed 640K, reserved 1048576K
}
Event: 28.827 GC heap before
{Heap before GC invocations=7 (full 2):
 PSYoungGen      total 140800K, used 10615K [0x000000076b780000, 0x0000000785300000, 0x00000007c0000000)
  eden space 130048K, 0% used [0x000000076b780000,0x000000076b780000,0x0000000773680000)
  from space 10752K, 98% used [0x0000000773680000,0x00000007740dded8,0x0000000774100000)
  to   space 88576K, 0% used [0x000000077fc80000,0x000000077fc80000,0x0000000785300000)
 ParOldGen       total 231424K, used 231283K [0x00000006c2600000, 0x00000006d0800000, 0x000000076b780000)
  object space 231424K, 99% used [0x00000006c2600000,0x00000006d07dcd18,0x00000006d0800000)
 Metaspace       used 5294K, capacity 5366K, committed 5504K, reserved 1056768K
  class space    used 540K, capacity 594K, committed 640K, reserved 1048576K
Event: 28.847 GC heap after
Heap after GC invocations=7 (full 2):
 PSYoungGen      total 140800K, used 0K [0x000000076b780000, 0x0000000785300000, 0x00000007c0000000)
  eden space 130048K, 0% used [0x000000076b780000,0x000000076b780000,0x0000000773680000)
  from space 10752K, 0% used [0x0000000773680000,0x0000000773680000,0x0000000774100000)
  to   space 88576K, 0% used [0x000000077fc80000,0x000000077fc80000,0x0000000785300000)
 ParOldGen       total 302592K, used 123575K [0x00000006c2600000, 0x00000006d4d80000, 0x000000076b780000)
  object space 302592K, 40% used [0x00000006c2600000,0x00000006c9eadfb8,0x00000006d4d80000)
 Metaspace       used 5294K, capacity 5366K, committed 5504K, reserved 1056768K
  class space    used 540K, capacity 594K, committed 640K, reserved 1048576K
}
Event: 32.527 GC heap before
{Heap before GC invocations=8 (full 2):
 PSYoungGen      total 140800K, used 130048K [0x000000076b780000, 0x0000000785300000, 0x00000007c0000000)
  eden space 130048K, 100% used [0x000000076b780000,0x0000000773680000,0x0000000773680000)
  from space 10752K, 0% used [0x0000000773680000,0x0000000773680000,0x0000000774100000)
  to   space 88576K, 0% used [0x000000077fc80000,0x000000077fc80000,0x0000000785300000)
 ParOldGen       total 302592K, used 123575K [0x00000006c2600000, 0x00000006d4d80000, 0x000000076b780000)
  object space 302592K, 40% used [0x00000006c2600000,0x00000006c9eadfb8,0x00000006d4d80000)
 Metaspace       used 5325K, capacity 5430K, committed 5504K, reserved 1056768K
  class space    used 544K, capacity 594K, committed 640K, reserved 1048576K
Event: 32.587 GC heap after
Heap after GC invocations=8 (full 2):
 PSYoungGen      total 314368K, used 88488K [0x000000076b780000, 0x0000000787a80000, 0x00000007c0000000)
  eden space 225792K, 0% used [0x000000076b780000,0x000000076b780000,0x0000000779400000)
  from space 88576K, 99% used [0x000000077fc80000,0x00000007852ea1e8,0x0000000785300000)
  to   space 107008K, 0% used [0x0000000779400000,0x0000000779400000,0x000000077fc80000)
 ParOldGen       total 302592K, used 160348K [0x00000006c2600000, 0x00000006d4d80000, 0x000000076b780000)
  object space 302592K, 52% used [0x00000006c2600000,0x00000006cc297398,0x00000006d4d80000)
 Metaspace       used 5325K, capacity 5430K, committed 5504K, reserved 1056768K
  class space    used 544K, capacity 594K, committed 640K, reserved 1048576K
}

