# JRE version: OpenJDK Runtime Environment (8.0_252-b09) (build 1.8.0_252-b09)
# Java VM: OpenJDK 64-Bit Server VM (25.252-b09 mixed mode windows-amd64 compressed oops)
Heap:
 PSYoungGen      total 816640K, used 667047K [0x000000076b780000, 0x00000007bec80000, 0x00000007c0000000)
  eden space 510464K, 70% used [0x000000076b780000,0x00000007817f0a88,0x000000078aa00000)
  from space 306176K, 99% used [0x00000007a2480000,0x00000007b4f794a8,0x00000007b4f80000)
  to   space 387584K, 0% used [0x000000078aa00000,0x000000078aa00000,0x00000007a2480000)
 ParOldGen       total 612864K, used 442272K [0x00000006c2600000, 0x00000006e7c80000, 0x000000076b780000)
  object space 612864K, 72% used [0x00000006c2600000,0x00000006dd5e8348,0x00000006e7c80000)
 Metaspace       used 5318K, capacity 5430K, committed 5504K, reserved 1056768K
  class space    used 544K, capacity 594K, committed 640K, reserved 1048576K
GC Heap History (10 events):
Event: 91.570 GC heap before
{Heap before GC invocations=11 (full 3):
 PSYoungGen      total 343552K, used 234496K [0x000000076b780000, 0x0000000797800000, 0x00000007c0000000)
  eden space 234496K, 100% used [0x000000076b780000,0x0000000779c80000,0x0000000779c80000)
  from space 109056K, 0% used [0x0000000779c80000,0x0000000779c80000,0x0000000780700000)
  to   space 133632K, 0% used [0x000000078f580000,0x000000078f580000,0x0000000797800000)
 ParOldGen       total 423936K, used 227403K [0x00000006c2600000, 0x00000006dc400000, 0x000000076b780000)
  object space 423936K, 53% used [0x00000006c2600000,0x00000006d0412e78,0x00000006dc400000)
 Metaspace       used 5312K, capacity 5430K, committed 5504K, reserved 1056768K
  class space    used 544K, capacity 594K, committed 640K, reserved 1048576K
Event: 91.678 GC heap after
Heap after GC invocations=11 (full 3):
 PSYoungGen      total 522240K, used 133600K [0x000000076b780000, 0x000000079f500000, 0x00000007c0000000)
  eden space 388608K, 0% used [0x000000076b780000,0x000000076b780000,0x0000000783300000)
  from space 133632K, 99% used [0x000000078f580000,0x00000007977f83e0,0x0000000797800000)
  to   space 199168K, 0% used [0x0000000783300000,0x0000000783300000,0x000000078f580000)
 ParOldGen       total 423936K, used 316921K [0x00000006c2600000, 0x00000006dc400000, 0x000000076b780000)
  object space 423936K, 74% used [0x00000006c2600000,0x00000006d5b7e410,0x00000006dc400000)
 Metaspace       used 5312K, capacity 5430K, committed 5504K, reserved 1056768K
  class space    used 544K, capacity 594K, committed 640K, reserved 1048576K
}
Event: 91.678 GC heap before
{Heap before GC invocations=12 (full 4):
 PSYoungGen      total 522240K, used 133600K [0x000000076b780000, 0x000000079f500000, 0x00000007c0000000)
  eden space 388608K, 0% used [0x000000076b780000,0x000000076b780000,0x0000000783300000)
  from space 133632K, 99% used [0x000000078f580000,0x00000007977f83e0,0x0000000797800000)
  to   space 199168K, 0% used [0x0000000783300000,0x0000000783300000,0x000000078f580000)
 ParOldGen       total 423936K, used 316921K [0x00000006c2600000, 0x00000006dc400000, 0x000000076b780000)
  object space 423936K, 74% used [0x00000006c2600000,0x00000006d5b7e410,0x00000006dc400000)
 Metaspace       used 5312K, capacity 5430K, committed 5504K, reserved 1056768K
  class space    used 544K, capacity 594K, committed 640K, reserved 1048576K
Event: 91.723 GC heap after
Heap after GC invocations=12 (full 4):
 PSYoungGen      total 522240K, used 0K [0x000000076b780000, 0x000000079f500000, 0x00000007c0000000)
  eden space 388608K, 0% used [0x000000076b780000,0x000000076b780000,0x0000000783300000)
  from space 133632K, 0% used [0x000000078f580000,0x000000078f580000,0x0000000797800000)
  to   space 199168K, 0% used [0x0000000783300000,0x0000000783300000,0x000000078f580000)
 ParOldGen       total 425984K, used 222554K [0x00000006c2600000, 0x00000006dc600000, 0x000000076b780000)
  object space 425984K, 52% used [0x00000006c2600000,0x00000006cff56b18,0x00000006dc600000)
 Metaspace       used 5312K, capacity 5430K, committed 5504K, reserved 1056768K
  class space    used 544K, capacity 594K, committed 640K, reserved 1048576K
}
Event: 131.960 GC heap before
{Heap before GC invocations=13 (full 4):
 PSYoungGen      total 522240K, used 388608K [0x000000076b780000, 0x000000079f500000, 0x00000007c0000000)
  eden space 388608K, 100% used [0x000000076b780000,0x0000000783300000,0x0000000783300000)
  from space 133632K, 0% used [0x000000078f580000,0x000000078f580000,0x0000000797800000)
  to   space 199168K, 0% used [0x0000000783300000,0x0000000783300000,0x000000078f580000)
 ParOldGen       total 425984K, used 222554K [0x00000006c2600000, 0x00000006dc600000, 0x000000076b780000)
  object space 425984K, 52% used [0x00000006c2600000,0x00000006cff56b18,0x00000006dc600000)
 Metaspace       used 5313K, capacity 5430K, committed 5504K, reserved 1056768K
  class space    used 544K, capacity 594K, committed 640K, reserved 1048576K
Event: 132.051 GC heap after
Heap after GC invocations=13 (full 4):
 PSYoungGen      total 587776K, used 199159K [0x000000076b780000, 0x00000007b4f80000, 0x00000007c0000000)
  eden space 388608K, 0% used [0x000000076b780000,0x000000076b780000,0x0000000783300000)
  from space 199168K, 99% used [0x0000000783300000,0x000000078f57dd88,0x000000078f580000)
  to   space 306176K, 0% used [0x00000007a2480000,0x00000007a2480000,0x00000007b4f80000)
 ParOldGen       total 425984K, used 394140K [0x00000006c2600000, 0x00000006dc600000, 0x000000076b780000)
  object space 425984K, 92% used [0x00000006c2600000,0x00000006da6e7388,0x00000006dc600000)
 Metaspace       used 5313K, capacity 5430K, committed 5504K, reserved 1056768K
  class space    used 544K, capacity 594K, committed 640K, reserved 1048576K
}
Event: 132.051 GC heap before
{Heap before GC invocations=14 (full 5):
 PSYoungGen      total 587776K, used 199159K [0x000000076b780000, 0x00000007b4f80000, 0x00000007c0000000)
  eden space 388608K, 0% used [0x000000076b780000,0x000000076b780000,0x0000000783300000)
  from space 199168K, 99% used [0x0000000783300000,0x000000078f57dd88,0x000000078f580000)
  to   space 306176K, 0% used [0x00000007a2480000,0x00000007a2480000,0x00000007b4f80000)
 ParOldGen       total 425984K, used 394140K [0x00000006c2600000, 0x00000006dc600000, 0x000000076b780000)
  object space 425984K, 92% used [0x00000006c2600000,0x00000006da6e7388,0x00000006dc600000)
 Metaspace       used 5313K, capacity 5430K, committed 5504K, reserved 1056768K
  class space    used 544K, capacity 594K, committed 640K, reserved 1048576K
Event: 132.098 GC heap after
Heap after GC invocations=14 (full 5):
 PSYoungGen      total 587776K, used 0K [0x000000076b780000, 0x00000007b4f80000, 0x00000007c0000000)
  eden space 388608K, 0% used [0x000000076b780000,0x000000076b780000,0x0000000783300000)
  from space 199168K, 0% used [0x0000000783300000,0x0000000783300000,0x000000078f580000)
  to   space 306176K, 0% used [0x00000007a2480000,0x00000007a2480000,0x00000007b4f80000)
 ParOldGen       total 612864K, used 370946K [0x00000006c2600000, 0x00000006e7c80000, 0x000000076b780000)
  object space 612864K, 60% used [0x00000006c2600000,0x00000006d9040928,0x00000006e7c80000)
 Metaspace       used 5313K, capacity 5430K, committed 5504K, reserved 1056768K
  class space    used 544K, capacity 594K, committed 640K, reserved 1048576K
}
Event: 161.367 GC heap before
{Heap before GC invocations=15 (full 5):
 PSYoungGen      total 587776K, used 388608K [0x000000076b780000, 0x00000007b4f80000, 0x00000007c0000000)
  eden space 388608K, 100% used [0x000000076b780000,0x0000000783300000,0x0000000783300000)
  from space 199168K, 0% used [0x0000000783300000,0x0000000783300000,0x000000078f580000)
  to   space 306176K, 0% used [0x00000007a2480000,0x00000007a2480000,0x00000007b4f80000)
 ParOldGen       total 612864K, used 370946K [0x00000006c2600000, 0x00000006e7c80000, 0x000000076b780000)
  object space 612864K, 60% used [0x00000006c2600000,0x00000006d9040928,0x00000006e7c80000)
 Metaspace       used 5313K, capacity 5430K, committed 5504K, reserved 1056768K
  class space    used 544K, capacity 594K, committed 640K, reserved 1048576K
Event: 161.495 GC heap after
Heap after GC invocations=15 (full 5):
 PSYoungGen      total 816640K, used 306149K [0x000000076b780000, 0x00000007bec80000, 0x00000007c0000000)
  eden space 510464K, 0% used [0x000000076b780000,0x000000076b780000,0x000000078aa00000)
  from space 306176K, 99% used [0x00000007a2480000,0x00000007b4f794a8,0x00000007b4f80000)
  to   space 387584K, 0% used [0x000000078aa00000,0x000000078aa00000,0x00000007a2480000)
 ParOldGen       total 612864K, used 442272K [0x00000006c2600000, 0x00000006e7c80000, 0x000000076b780000)
  object space 612864K, 72% used [0x00000006c2600000,0x00000006dd5e8348,0x00000006e7c80000)
 Metaspace       used 5313K, capacity 5430K, committed 5504K, reserved 1056768K
  class space    used 544K, capacity 594K, committed 640K, reserved 1048576K
}

