# JRE version: OpenJDK Runtime Environment (8.0_252-b09) (build 1.8.0_252-b09)
# Java VM: OpenJDK 64-Bit Server VM (25.252-b09 mixed mode windows-amd64 compressed oops)
Heap:
 PSYoungGen      total 140800K, used 100639K [0x000000076b780000, 0x0000000779d00000, 0x00000007c0000000)
  eden space 58880K, 69% used [0x000000076b780000,0x000000076df9a170,0x000000076f100000)
  from space 81920K, 72% used [0x0000000774580000,0x0000000777fadaa0,0x0000000779580000)
  to   space 86528K, 0% used [0x000000076f100000,0x000000076f100000,0x0000000774580000)
 ParOldGen       total 181760K, used 61467K [0x00000006c2600000, 0x00000006cd780000, 0x000000076b780000)
  object space 181760K, 33% used [0x00000006c2600000,0x00000006c6206e58,0x00000006cd780000)
 Metaspace       used 6538K, capacity 6716K, committed 6912K, reserved 1056768K
  class space    used 682K, capacity 767K, committed 768K, reserved 1048576K
GC Heap History (10 events):
Event: 58.517 GC heap before
{Heap before GC invocations=4 (full 1):
 PSYoungGen      total 75776K, used 10730K [0x000000076b780000, 0x0000000770c00000, 0x00000007c0000000)
  eden space 65024K, 0% used [0x000000076b780000,0x000000076b780000,0x000000076f700000)
  from space 10752K, 99% used [0x000000076f700000,0x000000077017a810,0x0000000770180000)
  to   space 10752K, 0% used [0x0000000770180000,0x0000000770180000,0x0000000770c00000)
 ParOldGen       total 173568K, used 139680K [0x00000006c2600000, 0x00000006ccf80000, 0x000000076b780000)
  object space 173568K, 80% used [0x00000006c2600000,0x00000006cae68318,0x00000006ccf80000)
 Metaspace       used 6506K, capacity 6716K, committed 6912K, reserved 1056768K
  class space    used 682K, capacity 767K, committed 768K, reserved 1048576K
Event: 58.548 GC heap after
Heap after GC invocations=4 (full 1):
 PSYoungGen      total 75776K, used 0K [0x000000076b780000, 0x0000000770c00000, 0x00000007c0000000)
  eden space 65024K, 0% used [0x000000076b780000,0x000000076b780000,0x000000076f700000)
  from space 10752K, 0% used [0x000000076f700000,0x000000076f700000,0x0000000770180000)
  to   space 10752K, 0% used [0x0000000770180000,0x0000000770180000,0x0000000770c00000)
 ParOldGen       total 181248K, used 60668K [0x00000006c2600000, 0x00000006cd700000, 0x000000076b780000)
  object space 181248K, 33% used [0x00000006c2600000,0x00000006c613f390,0x00000006cd700000)
 Metaspace       used 6506K, capacity 6716K, committed 6912K, reserved 1056768K
  class space    used 682K, capacity 767K, committed 768K, reserved 1048576K
}
Event: 67.877 GC heap before
{Heap before GC invocations=5 (full 1):
 PSYoungGen      total 75776K, used 64950K [0x000000076b780000, 0x0000000770c00000, 0x00000007c0000000)
  eden space 65024K, 99% used [0x000000076b780000,0x000000076f6edaf0,0x000000076f700000)
  from space 10752K, 0% used [0x000000076f700000,0x000000076f700000,0x0000000770180000)
  to   space 10752K, 0% used [0x0000000770180000,0x0000000770180000,0x0000000770c00000)
 ParOldGen       total 181248K, used 60668K [0x00000006c2600000, 0x00000006cd700000, 0x000000076b780000)
  object space 181248K, 33% used [0x00000006c2600000,0x00000006c613f390,0x00000006cd700000)
 Metaspace       used 6524K, capacity 6716K, committed 6912K, reserved 1056768K
  class space    used 682K, capacity 767K, committed 768K, reserved 1048576K
Event: 67.889 GC heap after
Heap after GC invocations=5 (full 1):
 PSYoungGen      total 75776K, used 10606K [0x000000076b780000, 0x0000000770c00000, 0x00000007c0000000)
  eden space 65024K, 0% used [0x000000076b780000,0x000000076b780000,0x000000076f700000)
  from space 10752K, 98% used [0x0000000770180000,0x0000000770bdba48,0x0000000770c00000)
  to   space 10752K, 0% used [0x000000076f700000,0x000000076f700000,0x0000000770180000)
 ParOldGen       total 181248K, used 109457K [0x00000006c2600000, 0x00000006cd700000, 0x000000076b780000)
  object space 181248K, 60% used [0x00000006c2600000,0x00000006c90e4570,0x00000006cd700000)
 Metaspace       used 6524K, capacity 6716K, committed 6912K, reserved 1056768K
  class space    used 682K, capacity 767K, committed 768K, reserved 1048576K
}
Event: 77.271 GC heap before
{Heap before GC invocations=6 (full 1):
 PSYoungGen      total 75776K, used 75550K [0x000000076b780000, 0x0000000770c00000, 0x00000007c0000000)
  eden space 65024K, 99% used [0x000000076b780000,0x000000076f6ebee8,0x000000076f700000)
  from space 10752K, 98% used [0x0000000770180000,0x0000000770bdba48,0x0000000770c00000)
  to   space 10752K, 0% used [0x000000076f700000,0x000000076f700000,0x0000000770180000)
 ParOldGen       total 181248K, used 109457K [0x00000006c2600000, 0x00000006cd700000, 0x000000076b780000)
  object space 181248K, 60% used [0x00000006c2600000,0x00000006c90e4570,0x00000006cd700000)
 Metaspace       used 6530K, capacity 6716K, committed 6912K, reserved 1056768K
  class space    used 682K, capacity 767K, committed 768K, reserved 1048576K
Event: 77.295 GC heap after
Heap after GC invocations=6 (full 1):
 PSYoungGen      total 74240K, used 10654K [0x000000076b780000, 0x0000000779580000, 0x00000007c0000000)
  eden space 63488K, 0% used [0x000000076b780000,0x000000076b780000,0x000000076f580000)
  from space 10752K, 99% used [0x000000076f700000,0x0000000770167a58,0x0000000770180000)
  to   space 81920K, 0% used [0x0000000774580000,0x0000000774580000,0x0000000779580000)
 ParOldGen       total 181248K, used 161239K [0x00000006c2600000, 0x00000006cd700000, 0x000000076b780000)
  object space 181248K, 88% used [0x00000006c2600000,0x00000006cc375ed0,0x00000006cd700000)
 Metaspace       used 6530K, capacity 6716K, committed 6912K, reserved 1056768K
  class space    used 682K, capacity 767K, committed 768K, reserved 1048576K
}
Event: 77.295 GC heap before
{Heap before GC invocations=7 (full 2):
 PSYoungGen      total 74240K, used 10654K [0x000000076b780000, 0x0000000779580000, 0x00000007c0000000)
  eden space 63488K, 0% used [0x000000076b780000,0x000000076b780000,0x000000076f580000)
  from space 10752K, 99% used [0x000000076f700000,0x0000000770167a58,0x0000000770180000)
  to   space 81920K, 0% used [0x0000000774580000,0x0000000774580000,0x0000000779580000)
 ParOldGen       total 181248K, used 161239K [0x00000006c2600000, 0x00000006cd700000, 0x000000076b780000)
  object space 181248K, 88% used [0x00000006c2600000,0x00000006cc375ed0,0x00000006cd700000)
 Metaspace       used 6530K, capacity 6716K, committed 6912K, reserved 1056768K
  class space    used 682K, capacity 767K, committed 768K, reserved 1048576K
Event: 77.324 GC heap after
Heap after GC invocations=7 (full 2):
 PSYoungGen      total 74240K, used 0K [0x000000076b780000, 0x0000000779580000, 0x00000007c0000000)
  eden space 63488K, 0% used [0x000000076b780000,0x000000076b780000,0x000000076f580000)
  from space 10752K, 0% used [0x000000076f700000,0x000000076f700000,0x0000000770180000)
  to   space 81920K, 0% used [0x0000000774580000,0x0000000774580000,0x0000000779580000)
 ParOldGen       total 181760K, used 61467K [0x00000006c2600000, 0x00000006cd780000, 0x000000076b780000)
  object space 181760K, 33% used [0x00000006c2600000,0x00000006c6206e58,0x00000006cd780000)
 Metaspace       used 6530K, capacity 6716K, committed 6912K, reserved 1056768K
  class space    used 682K, capacity 767K, committed 768K, reserved 1048576K
}
Event: 86.453 GC heap before
{Heap before GC invocations=8 (full 2):
 PSYoungGen      total 74240K, used 63450K [0x000000076b780000, 0x0000000779580000, 0x00000007c0000000)
  eden space 63488K, 99% used [0x000000076b780000,0x000000076f5769c8,0x000000076f580000)
  from space 10752K, 0% used [0x000000076f700000,0x000000076f700000,0x0000000770180000)
  to   space 81920K, 0% used [0x0000000774580000,0x0000000774580000,0x0000000779580000)
 ParOldGen       total 181760K, used 61467K [0x00000006c2600000, 0x00000006cd780000, 0x000000076b780000)
  object space 181760K, 33% used [0x00000006c2600000,0x00000006c6206e58,0x00000006cd780000)
 Metaspace       used 6536K, capacity 6716K, committed 6912K, reserved 1056768K
  class space    used 682K, capacity 767K, committed 768K, reserved 1048576K
Event: 86.494 GC heap after
Heap after GC invocations=8 (full 2):
 PSYoungGen      total 140800K, used 59574K [0x000000076b780000, 0x0000000779d00000, 0x00000007c0000000)
  eden space 58880K, 0% used [0x000000076b780000,0x000000076b780000,0x000000076f100000)
  from space 81920K, 72% used [0x0000000774580000,0x0000000777fadaa0,0x0000000779580000)
  to   space 86528K, 0% used [0x000000076f100000,0x000000076f100000,0x0000000774580000)
 ParOldGen       total 181760K, used 61467K [0x00000006c2600000, 0x00000006cd780000, 0x000000076b780000)
  object space 181760K, 33% used [0x00000006c2600000,0x00000006c6206e58,0x00000006cd780000)
 Metaspace       used 6536K, capacity 6716K, committed 6912K, reserved 1056768K
  class space    used 682K, capacity 767K, committed 768K, reserved 1048576K
}

