# JRE version: OpenJDK Runtime Environment (8.0_252-b09) (build 1.8.0_252-b09)
# Java VM: OpenJDK 64-Bit Server VM (25.252-b09 mixed mode windows-amd64 compressed oops)
Heap:
 PSYoungGen      total 566272K, used 290328K [0x000000076b780000, 0x00000007b2200000, 0x00000007c0000000)
  eden space 377344K, 76% used [0x000000076b780000,0x000000077d306228,0x0000000782800000)
  from space 188928K, 0% used [0x0000000782800000,0x0000000782800000,0x000000078e080000)
  to   space 289792K, 0% used [0x00000007a0700000,0x00000007a0700000,0x00000007b2200000)
 ParOldGen       total 583168K, used 350152K [0x00000006c2600000, 0x00000006e5f80000, 0x000000076b780000)
  object space 583168K, 60% used [0x00000006c2600000,0x00000006d7bf22b0,0x00000006e5f80000)
 Metaspace       used 6513K, capacity 6716K, committed 6912K, reserved 1056768K
  class space    used 686K, capacity 767K, committed 768K, reserved 1048576K
GC Heap History (10 events):
Event: 61.803 GC heap before
{Heap before GC invocations=10 (full 3):
 PSYoungGen      total 331264K, used 104391K [0x000000076b780000, 0x0000000795d80000, 0x00000007c0000000)
  eden space 226816K, 0% used [0x000000076b780000,0x000000076b780000,0x0000000779500000)
  from space 104448K, 99% used [0x0000000779500000,0x000000077faf1ce0,0x000000077fb00000)
  to   space 128000K, 0% used [0x000000078e080000,0x000000078e080000,0x0000000795d80000)
 ParOldGen       total 286208K, used 269593K [0x00000006c2600000, 0x00000006d3d80000, 0x000000076b780000)
  object space 286208K, 94% used [0x00000006c2600000,0x00000006d2d467d8,0x00000006d3d80000)
 Metaspace       used 6444K, capacity 6652K, committed 6656K, reserved 1056768K
  class space    used 681K, capacity 767K, committed 768K, reserved 1048576K
Event: 61.858 GC heap after
Heap after GC invocations=10 (full 3):
 PSYoungGen      total 331264K, used 0K [0x000000076b780000, 0x0000000795d80000, 0x00000007c0000000)
  eden space 226816K, 0% used [0x000000076b780000,0x000000076b780000,0x0000000779500000)
  from space 104448K, 0% used [0x0000000779500000,0x0000000779500000,0x000000077fb00000)
  to   space 128000K, 0% used [0x000000078e080000,0x000000078e080000,0x0000000795d80000)
 ParOldGen       total 406528K, used 214503K [0x00000006c2600000, 0x00000006db300000, 0x000000076b780000)
  object space 406528K, 52% used [0x00000006c2600000,0x00000006cf779dd8,0x00000006db300000)
 Metaspace       used 6444K, capacity 6652K, committed 6656K, reserved 1056768K
  class space    used 681K, capacity 767K, committed 768K, reserved 1048576K
}
Event: 90.911 GC heap before
{Heap before GC invocations=11 (full 3):
 PSYoungGen      total 331264K, used 226816K [0x000000076b780000, 0x0000000795d80000, 0x00000007c0000000)
  eden space 226816K, 100% used [0x000000076b780000,0x0000000779500000,0x0000000779500000)
  from space 104448K, 0% used [0x0000000779500000,0x0000000779500000,0x000000077fb00000)
  to   space 128000K, 0% used [0x000000078e080000,0x000000078e080000,0x0000000795d80000)
 ParOldGen       total 406528K, used 214503K [0x00000006c2600000, 0x00000006db300000, 0x000000076b780000)
  object space 406528K, 52% used [0x00000006c2600000,0x00000006cf779dd8,0x00000006db300000)
 Metaspace       used 6448K, capacity 6652K, committed 6656K, reserved 1056768K
  class space    used 681K, capacity 767K, committed 768K, reserved 1048576K
Event: 90.997 GC heap after
Heap after GC invocations=11 (full 3):
 PSYoungGen      total 505344K, used 127994K [0x000000076b780000, 0x000000079cf00000, 0x00000007c0000000)
  eden space 377344K, 0% used [0x000000076b780000,0x000000076b780000,0x0000000782800000)
  from space 128000K, 99% used [0x000000078e080000,0x0000000795d7ea68,0x0000000795d80000)
  to   space 188928K, 0% used [0x0000000782800000,0x0000000782800000,0x000000078e080000)
 ParOldGen       total 406528K, used 295642K [0x00000006c2600000, 0x00000006db300000, 0x000000076b780000)
  object space 406528K, 72% used [0x00000006c2600000,0x00000006d46b6858,0x00000006db300000)
 Metaspace       used 6448K, capacity 6652K, committed 6656K, reserved 1056768K
  class space    used 681K, capacity 767K, committed 768K, reserved 1048576K
}
Event: 90.997 GC heap before
{Heap before GC invocations=12 (full 4):
 PSYoungGen      total 505344K, used 127994K [0x000000076b780000, 0x000000079cf00000, 0x00000007c0000000)
  eden space 377344K, 0% used [0x000000076b780000,0x000000076b780000,0x0000000782800000)
  from space 128000K, 99% used [0x000000078e080000,0x0000000795d7ea68,0x0000000795d80000)
  to   space 188928K, 0% used [0x0000000782800000,0x0000000782800000,0x000000078e080000)
 ParOldGen       total 406528K, used 295642K [0x00000006c2600000, 0x00000006db300000, 0x000000076b780000)
  object space 406528K, 72% used [0x00000006c2600000,0x00000006d46b6858,0x00000006db300000)
 Metaspace       used 6448K, capacity 6652K, committed 6656K, reserved 1056768K
  class space    used 681K, capacity 767K, committed 768K, reserved 1048576K
Event: 91.040 GC heap after
Heap after GC invocations=12 (full 4):
 PSYoungGen      total 505344K, used 0K [0x000000076b780000, 0x000000079cf00000, 0x00000007c0000000)
  eden space 377344K, 0% used [0x000000076b780000,0x000000076b780000,0x0000000782800000)
  from space 128000K, 0% used [0x000000078e080000,0x000000078e080000,0x0000000795d80000)
  to   space 188928K, 0% used [0x0000000782800000,0x0000000782800000,0x000000078e080000)
 ParOldGen       total 406016K, used 209236K [0x00000006c2600000, 0x00000006db280000, 0x000000076b780000)
  object space 406016K, 51% used [0x00000006c2600000,0x00000006cf2552d8,0x00000006db280000)
 Metaspace       used 6448K, capacity 6652K, committed 6656K, reserved 1056768K
  class space    used 681K, capacity 767K, committed 768K, reserved 1048576K
}
Event: 135.911 GC heap before
{Heap before GC invocations=13 (full 4):
 PSYoungGen      total 505344K, used 377344K [0x000000076b780000, 0x000000079cf00000, 0x00000007c0000000)
  eden space 377344K, 100% used [0x000000076b780000,0x0000000782800000,0x0000000782800000)
  from space 128000K, 0% used [0x000000078e080000,0x000000078e080000,0x0000000795d80000)
  to   space 188928K, 0% used [0x0000000782800000,0x0000000782800000,0x000000078e080000)
 ParOldGen       total 406016K, used 209236K [0x00000006c2600000, 0x00000006db280000, 0x000000076b780000)
  object space 406016K, 51% used [0x00000006c2600000,0x00000006cf2552d8,0x00000006db280000)
 Metaspace       used 6456K, capacity 6652K, committed 6656K, reserved 1056768K
  class space    used 681K, capacity 767K, committed 768K, reserved 1048576K
Event: 135.972 GC heap after
Heap after GC invocations=13 (full 4):
 PSYoungGen      total 566272K, used 188914K [0x000000076b780000, 0x00000007b2200000, 0x00000007c0000000)
  eden space 377344K, 0% used [0x000000076b780000,0x000000076b780000,0x0000000782800000)
  from space 188928K, 99% used [0x0000000782800000,0x000000078e07cbd0,0x000000078e080000)
  to   space 289792K, 0% used [0x00000007a0700000,0x00000007a0700000,0x00000007b2200000)
 ParOldGen       total 406016K, used 371294K [0x00000006c2600000, 0x00000006db280000, 0x000000076b780000)
  object space 406016K, 91% used [0x00000006c2600000,0x00000006d9097960,0x00000006db280000)
 Metaspace       used 6456K, capacity 6652K, committed 6656K, reserved 1056768K
  class space    used 681K, capacity 767K, committed 768K, reserved 1048576K
}
Event: 135.972 GC heap before
{Heap before GC invocations=14 (full 5):
 PSYoungGen      total 566272K, used 188914K [0x000000076b780000, 0x00000007b2200000, 0x00000007c0000000)
  eden space 377344K, 0% used [0x000000076b780000,0x000000076b780000,0x0000000782800000)
  from space 188928K, 99% used [0x0000000782800000,0x000000078e07cbd0,0x000000078e080000)
  to   space 289792K, 0% used [0x00000007a0700000,0x00000007a0700000,0x00000007b2200000)
 ParOldGen       total 406016K, used 371294K [0x00000006c2600000, 0x00000006db280000, 0x000000076b780000)
  object space 406016K, 91% used [0x00000006c2600000,0x00000006d9097960,0x00000006db280000)
 Metaspace       used 6456K, capacity 6652K, committed 6656K, reserved 1056768K
  class space    used 681K, capacity 767K, committed 768K, reserved 1048576K
Event: 136.014 GC heap after
Heap after GC invocations=14 (full 5):
 PSYoungGen      total 566272K, used 0K [0x000000076b780000, 0x00000007b2200000, 0x00000007c0000000)
  eden space 377344K, 0% used [0x000000076b780000,0x000000076b780000,0x0000000782800000)
  from space 188928K, 0% used [0x0000000782800000,0x0000000782800000,0x000000078e080000)
  to   space 289792K, 0% used [0x00000007a0700000,0x00000007a0700000,0x00000007b2200000)
 ParOldGen       total 583168K, used 350152K [0x00000006c2600000, 0x00000006e5f80000, 0x000000076b780000)
  object space 583168K, 60% used [0x00000006c2600000,0x00000006d7bf22b0,0x00000006e5f80000)
 Metaspace       used 6456K, capacity 6652K, committed 6656K, reserved 1056768K
  class space    used 681K, capacity 767K, committed 768K, reserved 1048576K
}

