# JRE version: OpenJDK Runtime Environment (8.0_252-b09) (build 1.8.0_252-b09)
# Java VM: OpenJDK 64-Bit Server VM (25.252-b09 mixed mode windows-amd64 compressed oops)
Heap:
 PSYoungGen      total 566272K, used 472099K [0x000000076b780000, 0x00000007a0300000, 0x00000007c0000000)
  eden space 375296K, 75% used [0x000000076b780000,0x000000077cc0a7b0,0x0000000782600000)
  from space 190976K, 98% used [0x0000000790400000,0x000000079bc7e488,0x000000079be80000)
  to   space 227328K, 0% used [0x0000000782600000,0x0000000782600000,0x0000000790400000)
 ParOldGen       total 367616K, used 198713K [0x00000006c2600000, 0x00000006d8d00000, 0x000000076b780000)
  object space 367616K, 54% used [0x00000006c2600000,0x00000006ce80e458,0x00000006d8d00000)
 Metaspace       used 6530K, capacity 6716K, committed 6912K, reserved 1056768K
  class space    used 686K, capacity 767K, committed 768K, reserved 1048576K
GC Heap History (10 events):
Event: 41.605 GC heap before
{Heap before GC invocations=7 (full 2):
 PSYoungGen      total 140800K, used 10653K [0x000000076b780000, 0x0000000785600000, 0x00000007c0000000)
  eden space 130048K, 0% used [0x000000076b780000,0x000000076b780000,0x0000000773680000)
  from space 10752K, 99% used [0x0000000773680000,0x00000007740e7780,0x0000000774100000)
  to   space 87040K, 0% used [0x0000000780100000,0x0000000780100000,0x0000000785600000)
 ParOldGen       total 222208K, used 221940K [0x00000006c2600000, 0x00000006cff00000, 0x000000076b780000)
  object space 222208K, 99% used [0x00000006c2600000,0x00000006cfebd148,0x00000006cff00000)
 Metaspace       used 6491K, capacity 6652K, committed 6656K, reserved 1056768K
  class space    used 682K, capacity 767K, committed 768K, reserved 1048576K
Event: 41.623 GC heap after
Heap after GC invocations=7 (full 2):
 PSYoungGen      total 140800K, used 0K [0x000000076b780000, 0x0000000785600000, 0x00000007c0000000)
  eden space 130048K, 0% used [0x000000076b780000,0x000000076b780000,0x0000000773680000)
  from space 10752K, 0% used [0x0000000773680000,0x0000000773680000,0x0000000774100000)
  to   space 87040K, 0% used [0x0000000780100000,0x0000000780100000,0x0000000785600000)
 ParOldGen       total 286720K, used 120067K [0x00000006c2600000, 0x00000006d3e00000, 0x000000076b780000)
  object space 286720K, 41% used [0x00000006c2600000,0x00000006c9b40e48,0x00000006d3e00000)
 Metaspace       used 6491K, capacity 6652K, committed 6656K, reserved 1056768K
  class space    used 682K, capacity 767K, committed 768K, reserved 1048576K
}
Event: 41.803 GC heap before
{Heap before GC invocations=8 (full 2):
 PSYoungGen      total 140800K, used 130048K [0x000000076b780000, 0x0000000785600000, 0x00000007c0000000)
  eden space 130048K, 100% used [0x000000076b780000,0x0000000773680000,0x0000000773680000)
  from space 10752K, 0% used [0x0000000773680000,0x0000000773680000,0x0000000774100000)
  to   space 87040K, 0% used [0x0000000780100000,0x0000000780100000,0x0000000785600000)
 ParOldGen       total 286720K, used 120067K [0x00000006c2600000, 0x00000006d3e00000, 0x000000076b780000)
  object space 286720K, 41% used [0x00000006c2600000,0x00000006c9b40e48,0x00000006d3e00000)
 Metaspace       used 6491K, capacity 6652K, committed 6656K, reserved 1056768K
  class space    used 682K, capacity 767K, committed 768K, reserved 1048576K
Event: 41.825 GC heap after
Heap after GC invocations=8 (full 2):
 PSYoungGen      total 295936K, used 87035K [0x000000076b780000, 0x000000078ad80000, 0x00000007c0000000)
  eden space 208896K, 0% used [0x000000076b780000,0x000000076b780000,0x0000000778380000)
  from space 87040K, 99% used [0x0000000780100000,0x00000007855fee18,0x0000000785600000)
  to   space 128512K, 0% used [0x0000000778380000,0x0000000778380000,0x0000000780100000)
 ParOldGen       total 286720K, used 160249K [0x00000006c2600000, 0x00000006d3e00000, 0x000000076b780000)
  object space 286720K, 55% used [0x00000006c2600000,0x00000006cc27e698,0x00000006d3e00000)
 Metaspace       used 6491K, capacity 6652K, committed 6656K, reserved 1056768K
  class space    used 682K, capacity 767K, committed 768K, reserved 1048576K
}
Event: 56.839 GC heap before
{Heap before GC invocations=9 (full 2):
 PSYoungGen      total 295936K, used 295931K [0x000000076b780000, 0x000000078ad80000, 0x00000007c0000000)
  eden space 208896K, 100% used [0x000000076b780000,0x0000000778380000,0x0000000778380000)
  from space 87040K, 99% used [0x0000000780100000,0x00000007855fee18,0x0000000785600000)
  to   space 128512K, 0% used [0x0000000778380000,0x0000000778380000,0x0000000780100000)
 ParOldGen       total 286720K, used 160249K [0x00000006c2600000, 0x00000006d3e00000, 0x000000076b780000)
  object space 286720K, 55% used [0x00000006c2600000,0x00000006cc27e698,0x00000006d3e00000)
 Metaspace       used 6491K, capacity 6652K, committed 6656K, reserved 1056768K
  class space    used 682K, capacity 767K, committed 768K, reserved 1048576K
Event: 56.875 GC heap after
Heap after GC invocations=9 (full 2):
 PSYoungGen      total 337408K, used 128497K [0x000000076b780000, 0x000000079be80000, 0x00000007c0000000)
  eden space 208896K, 0% used [0x000000076b780000,0x000000076b780000,0x0000000778380000)
  from space 128512K, 99% used [0x0000000778380000,0x00000007800fc758,0x0000000780100000)
  to   space 190976K, 0% used [0x0000000790400000,0x0000000790400000,0x000000079be80000)
 ParOldGen       total 286720K, used 231436K [0x00000006c2600000, 0x00000006d3e00000, 0x000000076b780000)
  object space 286720K, 80% used [0x00000006c2600000,0x00000006d0803240,0x00000006d3e00000)
 Metaspace       used 6491K, capacity 6652K, committed 6656K, reserved 1056768K
  class space    used 682K, capacity 767K, committed 768K, reserved 1048576K
}
Event: 56.875 GC heap before
{Heap before GC invocations=10 (full 3):
 PSYoungGen      total 337408K, used 128497K [0x000000076b780000, 0x000000079be80000, 0x00000007c0000000)
  eden space 208896K, 0% used [0x000000076b780000,0x000000076b780000,0x0000000778380000)
  from space 128512K, 99% used [0x0000000778380000,0x00000007800fc758,0x0000000780100000)
  to   space 190976K, 0% used [0x0000000790400000,0x0000000790400000,0x000000079be80000)
 ParOldGen       total 286720K, used 231436K [0x00000006c2600000, 0x00000006d3e00000, 0x000000076b780000)
  object space 286720K, 80% used [0x00000006c2600000,0x00000006d0803240,0x00000006d3e00000)
 Metaspace       used 6491K, capacity 6652K, committed 6656K, reserved 1056768K
  class space    used 682K, capacity 767K, committed 768K, reserved 1048576K
Event: 56.901 GC heap after
Heap after GC invocations=10 (full 3):
 PSYoungGen      total 337408K, used 0K [0x000000076b780000, 0x000000079be80000, 0x00000007c0000000)
  eden space 208896K, 0% used [0x000000076b780000,0x000000076b780000,0x0000000778380000)
  from space 128512K, 0% used [0x0000000778380000,0x0000000778380000,0x0000000780100000)
  to   space 190976K, 0% used [0x0000000790400000,0x0000000790400000,0x000000079be80000)
 ParOldGen       total 367616K, used 198705K [0x00000006c2600000, 0x00000006d8d00000, 0x000000076b780000)
  object space 367616K, 54% used [0x00000006c2600000,0x00000006ce80c458,0x00000006d8d00000)
 Metaspace       used 6491K, capacity 6652K, committed 6656K, reserved 1056768K
  class space    used 682K, capacity 767K, committed 768K, reserved 1048576K
}
Event: 79.568 GC heap before
{Heap before GC invocations=11 (full 3):
 PSYoungGen      total 337408K, used 208896K [0x000000076b780000, 0x000000079be80000, 0x00000007c0000000)
  eden space 208896K, 100% used [0x000000076b780000,0x0000000778380000,0x0000000778380000)
  from space 128512K, 0% used [0x0000000778380000,0x0000000778380000,0x0000000780100000)
  to   space 190976K, 0% used [0x0000000790400000,0x0000000790400000,0x000000079be80000)
 ParOldGen       total 367616K, used 198705K [0x00000006c2600000, 0x00000006d8d00000, 0x000000076b780000)
  object space 367616K, 54% used [0x00000006c2600000,0x00000006ce80c458,0x00000006d8d00000)
 Metaspace       used 6524K, capacity 6716K, committed 6912K, reserved 1056768K
  class space    used 686K, capacity 767K, committed 768K, reserved 1048576K
Event: 79.673 GC heap after
Heap after GC invocations=11 (full 3):
 PSYoungGen      total 566272K, used 188921K [0x000000076b780000, 0x00000007a0300000, 0x00000007c0000000)
  eden space 375296K, 0% used [0x000000076b780000,0x000000076b780000,0x0000000782600000)
  from space 190976K, 98% used [0x0000000790400000,0x000000079bc7e488,0x000000079be80000)
  to   space 227328K, 0% used [0x0000000782600000,0x0000000782600000,0x0000000790400000)
 ParOldGen       total 367616K, used 198713K [0x00000006c2600000, 0x00000006d8d00000, 0x000000076b780000)
  object space 367616K, 54% used [0x00000006c2600000,0x00000006ce80e458,0x00000006d8d00000)
 Metaspace       used 6524K, capacity 6716K, committed 6912K, reserved 1056768K
  class space    used 686K, capacity 767K, committed 768K, reserved 1048576K
}

