# JRE version: OpenJDK Runtime Environment (8.0_252-b09) (build 1.8.0_252-b09)
# Java VM: OpenJDK 64-Bit Server VM (25.252-b09 mixed mode windows-amd64 compressed oops)
Heap:
 PSYoungGen      total 359424K, used 287917K [0x000000076b780000, 0x000000078e600000, 0x00000007c0000000)
  eden space 225280K, 73% used [0x000000076b780000,0x0000000775831130,0x0000000779380000)
  from space 134144K, 91% used [0x0000000783100000,0x000000078a97a388,0x000000078b400000)
  to   space 161280K, 0% used [0x0000000779380000,0x0000000779380000,0x0000000783100000)
 ParOldGen       total 293888K, used 121390K [0x00000006c2600000, 0x00000006d4500000, 0x000000076b780000)
  object space 293888K, 41% used [0x00000006c2600000,0x00000006c9c8b9c8,0x00000006d4500000)
 Metaspace       used 6539K, capacity 6716K, committed 6912K, reserved 1056768K
  class space    used 686K, capacity 767K, committed 768K, reserved 1048576K
GC Heap History (10 events):
Event: 17.212 GC heap before
{Heap before GC invocations=4 (full 1):
 PSYoungGen      total 75776K, used 10751K [0x000000076b780000, 0x0000000774b80000, 0x00000007c0000000)
  eden space 65024K, 0% used [0x000000076b780000,0x000000076b780000,0x000000076f700000)
  from space 10752K, 99% used [0x000000076f700000,0x000000077017fe00,0x0000000770180000)
  to   space 10752K, 0% used [0x0000000774100000,0x0000000774100000,0x0000000774b80000)
 ParOldGen       total 173568K, used 146670K [0x00000006c2600000, 0x00000006ccf80000, 0x000000076b780000)
  object space 173568K, 84% used [0x00000006c2600000,0x00000006cb53b8b0,0x00000006ccf80000)
 Metaspace       used 6490K, capacity 6652K, committed 6656K, reserved 1056768K
  class space    used 682K, capacity 767K, committed 768K, reserved 1048576K
Event: 17.238 GC heap after
Heap after GC invocations=4 (full 1):
 PSYoungGen      total 75776K, used 0K [0x000000076b780000, 0x0000000774b80000, 0x00000007c0000000)
  eden space 65024K, 0% used [0x000000076b780000,0x000000076b780000,0x000000076f700000)
  from space 10752K, 0% used [0x000000076f700000,0x000000076f700000,0x0000000770180000)
  to   space 10752K, 0% used [0x0000000774100000,0x0000000774100000,0x0000000774b80000)
 ParOldGen       total 192000K, used 63402K [0x00000006c2600000, 0x00000006ce180000, 0x000000076b780000)
  object space 192000K, 33% used [0x00000006c2600000,0x00000006c63ea990,0x00000006ce180000)
 Metaspace       used 6490K, capacity 6652K, committed 6656K, reserved 1056768K
  class space    used 682K, capacity 767K, committed 768K, reserved 1048576K
}
Event: 17.441 GC heap before
{Heap before GC invocations=5 (full 1):
 PSYoungGen      total 75776K, used 64848K [0x000000076b780000, 0x0000000774b80000, 0x00000007c0000000)
  eden space 65024K, 99% used [0x000000076b780000,0x000000076f6d4140,0x000000076f700000)
  from space 10752K, 0% used [0x000000076f700000,0x000000076f700000,0x0000000770180000)
  to   space 10752K, 0% used [0x0000000774100000,0x0000000774100000,0x0000000774b80000)
 ParOldGen       total 192000K, used 63402K [0x00000006c2600000, 0x00000006ce180000, 0x000000076b780000)
  object space 192000K, 33% used [0x00000006c2600000,0x00000006c63ea990,0x00000006ce180000)
 Metaspace       used 6491K, capacity 6652K, committed 6656K, reserved 1056768K
  class space    used 682K, capacity 767K, committed 768K, reserved 1048576K
Event: 17.454 GC heap after
Heap after GC invocations=5 (full 1):
 PSYoungGen      total 139264K, used 10734K [0x000000076b780000, 0x0000000774b80000, 0x00000007c0000000)
  eden space 128512K, 0% used [0x000000076b780000,0x000000076b780000,0x0000000773500000)
  from space 10752K, 99% used [0x0000000774100000,0x0000000774b7bbc8,0x0000000774b80000)
  to   space 10752K, 0% used [0x0000000773680000,0x0000000773680000,0x0000000774100000)
 ParOldGen       total 192000K, used 115184K [0x00000006c2600000, 0x00000006ce180000, 0x000000076b780000)
  object space 192000K, 59% used [0x00000006c2600000,0x00000006c967c2f0,0x00000006ce180000)
 Metaspace       used 6491K, capacity 6652K, committed 6656K, reserved 1056768K
  class space    used 682K, capacity 767K, committed 768K, reserved 1048576K
}
Event: 25.537 GC heap before
{Heap before GC invocations=6 (full 1):
 PSYoungGen      total 139264K, used 139182K [0x000000076b780000, 0x0000000774b80000, 0x00000007c0000000)
  eden space 128512K, 99% used [0x000000076b780000,0x00000007734efca8,0x0000000773500000)
  from space 10752K, 99% used [0x0000000774100000,0x0000000774b7bbc8,0x0000000774b80000)
  to   space 10752K, 0% used [0x0000000773680000,0x0000000773680000,0x0000000774100000)
 ParOldGen       total 192000K, used 115184K [0x00000006c2600000, 0x00000006ce180000, 0x000000076b780000)
  object space 192000K, 59% used [0x00000006c2600000,0x00000006c967c2f0,0x00000006ce180000)
 Metaspace       used 6526K, capacity 6716K, committed 6912K, reserved 1056768K
  class space    used 686K, capacity 767K, committed 768K, reserved 1048576K
Event: 25.609 GC heap after
Heap after GC invocations=6 (full 1):
 PSYoungGen      total 140800K, used 10744K [0x000000076b780000, 0x000000078b400000, 0x00000007c0000000)
  eden space 130048K, 0% used [0x000000076b780000,0x000000076b780000,0x0000000773680000)
  from space 10752K, 99% used [0x0000000773680000,0x00000007740fe1b0,0x0000000774100000)
  to   space 134144K, 0% used [0x0000000783100000,0x0000000783100000,0x000000078b400000)
 ParOldGen       total 227328K, used 227044K [0x00000006c2600000, 0x00000006d0400000, 0x000000076b780000)
  object space 227328K, 99% used [0x00000006c2600000,0x00000006d03b9250,0x00000006d0400000)
 Metaspace       used 6526K, capacity 6716K, committed 6912K, reserved 1056768K
  class space    used 686K, capacity 767K, committed 768K, reserved 1048576K
}
Event: 25.609 GC heap before
{Heap before GC invocations=7 (full 2):
 PSYoungGen      total 140800K, used 10744K [0x000000076b780000, 0x000000078b400000, 0x00000007c0000000)
  eden space 130048K, 0% used [0x000000076b780000,0x000000076b780000,0x0000000773680000)
  from space 10752K, 99% used [0x0000000773680000,0x00000007740fe1b0,0x0000000774100000)
  to   space 134144K, 0% used [0x0000000783100000,0x0000000783100000,0x000000078b400000)
 ParOldGen       total 227328K, used 227044K [0x00000006c2600000, 0x00000006d0400000, 0x000000076b780000)
  object space 227328K, 99% used [0x00000006c2600000,0x00000006d03b9250,0x00000006d0400000)
 Metaspace       used 6526K, capacity 6716K, committed 6912K, reserved 1056768K
  class space    used 686K, capacity 767K, committed 768K, reserved 1048576K
Event: 25.646 GC heap after
Heap after GC invocations=7 (full 2):
 PSYoungGen      total 140800K, used 0K [0x000000076b780000, 0x000000078b400000, 0x00000007c0000000)
  eden space 130048K, 0% used [0x000000076b780000,0x000000076b780000,0x0000000773680000)
  from space 10752K, 0% used [0x0000000773680000,0x0000000773680000,0x0000000774100000)
  to   space 134144K, 0% used [0x0000000783100000,0x0000000783100000,0x000000078b400000)
 ParOldGen       total 293888K, used 121390K [0x00000006c2600000, 0x00000006d4500000, 0x000000076b780000)
  object space 293888K, 41% used [0x00000006c2600000,0x00000006c9c8b9c8,0x00000006d4500000)
 Metaspace       used 6526K, capacity 6716K, committed 6912K, reserved 1056768K
  class space    used 686K, capacity 767K, committed 768K, reserved 1048576K
}
Event: 43.784 GC heap before
{Heap before GC invocations=8 (full 2):
 PSYoungGen      total 140800K, used 130024K [0x000000076b780000, 0x000000078b400000, 0x00000007c0000000)
  eden space 130048K, 99% used [0x000000076b780000,0x000000077367a060,0x0000000773680000)
  from space 10752K, 0% used [0x0000000773680000,0x0000000773680000,0x0000000774100000)
  to   space 134144K, 0% used [0x0000000783100000,0x0000000783100000,0x000000078b400000)
 ParOldGen       total 293888K, used 121390K [0x00000006c2600000, 0x00000006d4500000, 0x000000076b780000)
  object space 293888K, 41% used [0x00000006c2600000,0x00000006c9c8b9c8,0x00000006d4500000)
 Metaspace       used 6530K, capacity 6716K, committed 6912K, reserved 1056768K
  class space    used 686K, capacity 767K, committed 768K, reserved 1048576K
Event: 43.883 GC heap after
Heap after GC invocations=8 (full 2):
 PSYoungGen      total 359424K, used 123368K [0x000000076b780000, 0x000000078e600000, 0x00000007c0000000)
  eden space 225280K, 0% used [0x000000076b780000,0x000000076b780000,0x0000000779380000)
  from space 134144K, 91% used [0x0000000783100000,0x000000078a97a388,0x000000078b400000)
  to   space 161280K, 0% used [0x0000000779380000,0x0000000779380000,0x0000000783100000)
 ParOldGen       total 293888K, used 121390K [0x00000006c2600000, 0x00000006d4500000, 0x000000076b780000)
  object space 293888K, 41% used [0x00000006c2600000,0x00000006c9c8b9c8,0x00000006d4500000)
 Metaspace       used 6530K, capacity 6716K, committed 6912K, reserved 1056768K
  class space    used 686K, capacity 767K, committed 768K, reserved 1048576K
}

