# JRE version: OpenJDK Runtime Environment (8.0_252-b09) (build 1.8.0_252-b09)
# Java VM: OpenJDK 64-Bit Server VM (25.252-b09 mixed mode windows-amd64 compressed oops)
Heap:
 PSYoungGen      total 276992K, used 35509K [0x000000076b780000, 0x0000000786700000, 0x00000007c0000000)
  eden space 121344K, 28% used [0x000000076b780000,0x000000076d998da8,0x0000000772e00000)
  from space 155648K, 0% used [0x000000077cf00000,0x000000077cf94710,0x0000000786700000)
  to   space 160256K, 0% used [0x0000000772e00000,0x0000000772e00000,0x000000077ca80000)
 ParOldGen       total 248832K, used 129955K [0x00000006c2600000, 0x00000006d1900000, 0x000000076b780000)
  object space 248832K, 52% used [0x00000006c2600000,0x00000006ca4e8d28,0x00000006d1900000)
 Metaspace       used 6507K, capacity 6712K, committed 6912K, reserved 1056768K
  class space    used 681K, capacity 767K, committed 768K, reserved 1048576K
GC Heap History (10 events):
Event: 151.888 GC heap before
{Heap before GC invocations=20 (full 2):
 PSYoungGen      total 296960K, used 249046K [0x000000076b780000, 0x0000000787d00000, 0x00000007c0000000)
  eden space 139776K, 99% used [0x000000076b780000,0x0000000773fea6f8,0x0000000774000000)
  from space 157184K, 69% used [0x0000000774400000,0x000000077aecb200,0x000000077dd80000)
  to   space 162304K, 0% used [0x000000077de80000,0x000000077de80000,0x0000000787d00000)
 ParOldGen       total 248832K, used 129955K [0x00000006c2600000, 0x00000006d1900000, 0x000000076b780000)
  object space 248832K, 52% used [0x00000006c2600000,0x00000006ca4e8d28,0x00000006d1900000)
 Metaspace       used 6502K, capacity 6712K, committed 6912K, reserved 1056768K
  class space    used 680K, capacity 767K, committed 768K, reserved 1048576K
Event: 151.890 GC heap after
Heap after GC invocations=20 (full 2):
 PSYoungGen      total 297984K, used 4226K [0x000000076b780000, 0x0000000788000000, 0x00000007c0000000)
  eden space 135680K, 0% used [0x000000076b780000,0x000000076b780000,0x0000000773c00000)
  from space 162304K, 2% used [0x000000077de80000,0x000000077e2a0b80,0x0000000787d00000)
  to   space 165888K, 0% used [0x0000000773c00000,0x0000000773c00000,0x000000077de00000)
 ParOldGen       total 248832K, used 129955K [0x00000006c2600000, 0x00000006d1900000, 0x000000076b780000)
  object space 248832K, 52% used [0x00000006c2600000,0x00000006ca4e8d28,0x00000006d1900000)
 Metaspace       used 6502K, capacity 6712K, committed 6912K, reserved 1056768K
  class space    used 680K, capacity 767K, committed 768K, reserved 1048576K
}
Event: 159.486 GC heap before
{Heap before GC invocations=21 (full 2):
 PSYoungGen      total 297984K, used 139906K [0x000000076b780000, 0x0000000788000000, 0x00000007c0000000)
  eden space 135680K, 100% used [0x000000076b780000,0x0000000773c00000,0x0000000773c00000)
  from space 162304K, 2% used [0x000000077de80000,0x000000077e2a0b80,0x0000000787d00000)
  to   space 165888K, 0% used [0x0000000773c00000,0x0000000773c00000,0x000000077de00000)
 ParOldGen       total 248832K, used 129955K [0x00000006c2600000, 0x00000006d1900000, 0x000000076b780000)
  object space 248832K, 52% used [0x00000006c2600000,0x00000006ca4e8d28,0x00000006d1900000)
 Metaspace       used 6503K, capacity 6712K, committed 6912K, reserved 1056768K
  class space    used 680K, capacity 767K, committed 768K, reserved 1048576K
Event: 159.492 GC heap after
Heap after GC invocations=21 (full 2):
 PSYoungGen      total 186880K, used 54535K [0x000000076b780000, 0x0000000786e80000, 0x00000007c0000000)
  eden space 132096K, 0% used [0x000000076b780000,0x000000076b780000,0x0000000773880000)
  from space 54784K, 99% used [0x0000000773c00000,0x0000000777141f98,0x0000000777180000)
  to   space 158720K, 0% used [0x000000077d380000,0x000000077d380000,0x0000000786e80000)
 ParOldGen       total 248832K, used 129955K [0x00000006c2600000, 0x00000006d1900000, 0x000000076b780000)
  object space 248832K, 52% used [0x00000006c2600000,0x00000006ca4e8d28,0x00000006d1900000)
 Metaspace       used 6503K, capacity 6712K, committed 6912K, reserved 1056768K
  class space    used 680K, capacity 767K, committed 768K, reserved 1048576K
}
Event: 171.874 GC heap before
{Heap before GC invocations=22 (full 2):
 PSYoungGen      total 186880K, used 186631K [0x000000076b780000, 0x0000000786e80000, 0x00000007c0000000)
  eden space 132096K, 100% used [0x000000076b780000,0x0000000773880000,0x0000000773880000)
  from space 54784K, 99% used [0x0000000773c00000,0x0000000777141f98,0x0000000777180000)
  to   space 158720K, 0% used [0x000000077d380000,0x000000077d380000,0x0000000786e80000)
 ParOldGen       total 248832K, used 129955K [0x00000006c2600000, 0x00000006d1900000, 0x000000076b780000)
  object space 248832K, 52% used [0x00000006c2600000,0x00000006ca4e8d28,0x00000006d1900000)
 Metaspace       used 6503K, capacity 6712K, committed 6912K, reserved 1056768K
  class space    used 680K, capacity 767K, committed 768K, reserved 1048576K
Event: 171.875 GC heap after
Heap after GC invocations=22 (full 2):
 PSYoungGen      total 287232K, used 781K [0x000000076b780000, 0x0000000787000000, 0x00000007c0000000)
  eden space 128512K, 0% used [0x000000076b780000,0x000000076b780000,0x0000000773500000)
  from space 158720K, 0% used [0x000000077d380000,0x000000077d443588,0x0000000786e80000)
  to   space 161280K, 0% used [0x0000000773500000,0x0000000773500000,0x000000077d280000)
 ParOldGen       total 248832K, used 129955K [0x00000006c2600000, 0x00000006d1900000, 0x000000076b780000)
  object space 248832K, 52% used [0x00000006c2600000,0x00000006ca4e8d28,0x00000006d1900000)
 Metaspace       used 6503K, capacity 6712K, committed 6912K, reserved 1056768K
  class space    used 680K, capacity 767K, committed 768K, reserved 1048576K
}
Event: 183.903 GC heap before
{Heap before GC invocations=23 (full 2):
 PSYoungGen      total 287232K, used 129293K [0x000000076b780000, 0x0000000787000000, 0x00000007c0000000)
  eden space 128512K, 100% used [0x000000076b780000,0x0000000773500000,0x0000000773500000)
  from space 158720K, 0% used [0x000000077d380000,0x000000077d443588,0x0000000786e80000)
  to   space 161280K, 0% used [0x0000000773500000,0x0000000773500000,0x000000077d280000)
 ParOldGen       total 248832K, used 129955K [0x00000006c2600000, 0x00000006d1900000, 0x000000076b780000)
  object space 248832K, 52% used [0x00000006c2600000,0x00000006ca4e8d28,0x00000006d1900000)
 Metaspace       used 6503K, capacity 6712K, committed 6912K, reserved 1056768K
  class space    used 680K, capacity 767K, committed 768K, reserved 1048576K
Event: 183.904 GC heap after
Heap after GC invocations=23 (full 2):
 PSYoungGen      total 125952K, used 561K [0x000000076b780000, 0x0000000786c80000, 0x00000007c0000000)
  eden space 124928K, 0% used [0x000000076b780000,0x000000076b780000,0x0000000773180000)
  from space 1024K, 54% used [0x0000000773500000,0x000000077358c710,0x0000000773600000)
  to   space 161280K, 0% used [0x000000077cf00000,0x000000077cf00000,0x0000000786c80000)
 ParOldGen       total 248832K, used 129955K [0x00000006c2600000, 0x00000006d1900000, 0x000000076b780000)
  object space 248832K, 52% used [0x00000006c2600000,0x00000006ca4e8d28,0x00000006d1900000)
 Metaspace       used 6503K, capacity 6712K, committed 6912K, reserved 1056768K
  class space    used 680K, capacity 767K, committed 768K, reserved 1048576K
}
Event: 195.573 GC heap before
{Heap before GC invocations=24 (full 2):
 PSYoungGen      total 125952K, used 125489K [0x000000076b780000, 0x0000000786c80000, 0x00000007c0000000)
  eden space 124928K, 100% used [0x000000076b780000,0x0000000773180000,0x0000000773180000)
  from space 1024K, 54% used [0x0000000773500000,0x000000077358c710,0x0000000773600000)
  to   space 161280K, 0% used [0x000000077cf00000,0x000000077cf00000,0x0000000786c80000)
 ParOldGen       total 248832K, used 129955K [0x00000006c2600000, 0x00000006d1900000, 0x000000076b780000)
  object space 248832K, 52% used [0x00000006c2600000,0x00000006ca4e8d28,0x00000006d1900000)
 Metaspace       used 6503K, capacity 6712K, committed 6912K, reserved 1056768K
  class space    used 680K, capacity 767K, committed 768K, reserved 1048576K
Event: 195.574 GC heap after
Heap after GC invocations=24 (full 2):
 PSYoungGen      total 276992K, used 593K [0x000000076b780000, 0x0000000786700000, 0x00000007c0000000)
  eden space 121344K, 0% used [0x000000076b780000,0x000000076b780000,0x0000000772e00000)
  from space 155648K, 0% used [0x000000077cf00000,0x000000077cf94710,0x0000000786700000)
  to   space 160256K, 0% used [0x0000000772e00000,0x0000000772e00000,0x000000077ca80000)
 ParOldGen       total 248832K, used 129955K [0x00000006c2600000, 0x00000006d1900000, 0x000000076b780000)
  object space 248832K, 52% used [0x00000006c2600000,0x00000006ca4e8d28,0x00000006d1900000)
 Metaspace       used 6503K, capacity 6712K, committed 6912K, reserved 1056768K
  class space    used 680K, capacity 767K, committed 768K, reserved 1048576K
}

