# JRE version: OpenJDK Runtime Environment (8.0_252-b09) (build 1.8.0_252-b09)
# Java VM: OpenJDK 64-Bit Server VM (25.252-b09 mixed mode windows-amd64 compressed oops)
Heap:
 PSYoungGen      total 923648K, used 524872K [0x000000076b780000, 0x00000007c0000000, 0x00000007c0000000)
  eden space 462336K, 18% used [0x000000076b780000,0x0000000770c71500,0x0000000787b00000)
  from space 461312K, 94% used [0x0000000787b00000,0x00000007a26a0ee8,0x00000007a3d80000)
  to   space 461312K, 0% used [0x00000007a3d80000,0x00000007a3d80000,0x00000007c0000000)
 ParOldGen       total 569344K, used 427338K [0x00000006c2600000, 0x00000006e5200000, 0x000000076b780000)
  object space 569344K, 75% used [0x00000006c2600000,0x00000006dc7529f0,0x00000006e5200000)
 Metaspace       used 6652K, capacity 6856K, committed 7040K, reserved 1056768K
  class space    used 695K, capacity 769K, committed 896K, reserved 1048576K
GC Heap History (10 events):
Event: 47.273 GC heap before
{Heap before GC invocations=15 (full 4):
 PSYoungGen      total 721920K, used 721844K [0x000000076b780000, 0x00000007b3380000, 0x00000007c0000000)
  eden space 433664K, 99% used [0x000000076b780000,0x0000000785eed858,0x0000000785f00000)
  from space 288256K, 99% used [0x000000079b080000,0x00000007ac9ff950,0x00000007aca00000)
  to   space 345600K, 0% used [0x0000000785f00000,0x0000000785f00000,0x000000079b080000)
 ParOldGen       total 569344K, used 358231K [0x00000006c2600000, 0x00000006e5200000, 0x000000076b780000)
  object space 569344K, 62% used [0x00000006c2600000,0x00000006d83d5e48,0x00000006e5200000)
 Metaspace       used 6544K, capacity 6716K, committed 6912K, reserved 1056768K
  class space    used 686K, capacity 767K, committed 768K, reserved 1048576K
Event: 47.413 GC heap after
Heap after GC invocations=15 (full 4):
 PSYoungGen      total 779264K, used 345590K [0x000000076b780000, 0x00000007c0000000, 0x00000007c0000000)
  eden space 433664K, 0% used [0x000000076b780000,0x000000076b780000,0x0000000785f00000)
  from space 345600K, 99% used [0x0000000785f00000,0x000000079b07d900,0x000000079b080000)
  to   space 425984K, 0% used [0x00000007a6000000,0x00000007a6000000,0x00000007c0000000)
 ParOldGen       total 569344K, used 426085K [0x00000006c2600000, 0x00000006e5200000, 0x000000076b780000)
  object space 569344K, 74% used [0x00000006c2600000,0x00000006dc619708,0x00000006e5200000)
 Metaspace       used 6544K, capacity 6716K, committed 6912K, reserved 1056768K
  class space    used 686K, capacity 767K, committed 768K, reserved 1048576K
}
Event: 60.870 GC heap before
{Heap before GC invocations=16 (full 4):
 PSYoungGen      total 779264K, used 779190K [0x000000076b780000, 0x00000007c0000000, 0x00000007c0000000)
  eden space 433664K, 99% used [0x000000076b780000,0x0000000785eeffd8,0x0000000785f00000)
  from space 345600K, 99% used [0x0000000785f00000,0x000000079b07d900,0x000000079b080000)
  to   space 425984K, 0% used [0x00000007a6000000,0x00000007a6000000,0x00000007c0000000)
 ParOldGen       total 569344K, used 426085K [0x00000006c2600000, 0x00000006e5200000, 0x000000076b780000)
  object space 569344K, 74% used [0x00000006c2600000,0x00000006dc619708,0x00000006e5200000)
 Metaspace       used 6555K, capacity 6780K, committed 6912K, reserved 1056768K
  class space    used 686K, capacity 767K, committed 768K, reserved 1048576K
Event: 61.078 GC heap after
Heap after GC invocations=16 (full 4):
 PSYoungGen      total 888320K, used 406159K [0x000000076b780000, 0x00000007c0000000, 0x00000007c0000000)
  eden space 462336K, 0% used [0x000000076b780000,0x000000076b780000,0x0000000787b00000)
  from space 425984K, 95% used [0x00000007a6000000,0x00000007beca3dc0,0x00000007c0000000)
  to   space 461312K, 0% used [0x0000000787b00000,0x0000000787b00000,0x00000007a3d80000)
 ParOldGen       total 569344K, used 426337K [0x00000006c2600000, 0x00000006e5200000, 0x000000076b780000)
  object space 569344K, 74% used [0x00000006c2600000,0x00000006dc658580,0x00000006e5200000)
 Metaspace       used 6555K, capacity 6780K, committed 6912K, reserved 1056768K
  class space    used 686K, capacity 767K, committed 768K, reserved 1048576K
}
Event: 69.613 GC heap before
{Heap before GC invocations=17 (full 4):
 PSYoungGen      total 888320K, used 868388K [0x000000076b780000, 0x00000007c0000000, 0x00000007c0000000)
  eden space 462336K, 99% used [0x000000076b780000,0x0000000787ae5388,0x0000000787b00000)
  from space 425984K, 95% used [0x00000007a6000000,0x00000007beca3dc0,0x00000007c0000000)
  to   space 461312K, 0% used [0x0000000787b00000,0x0000000787b00000,0x00000007a3d80000)
 ParOldGen       total 569344K, used 426337K [0x00000006c2600000, 0x00000006e5200000, 0x000000076b780000)
  object space 569344K, 74% used [0x00000006c2600000,0x00000006dc658580,0x00000006e5200000)
 Metaspace       used 6640K, capacity 6856K, committed 7040K, reserved 1056768K
  class space    used 695K, capacity 769K, committed 896K, reserved 1048576K
Event: 69.685 GC heap after
Heap after GC invocations=17 (full 4):
 PSYoungGen      total 923648K, used 439435K [0x000000076b780000, 0x00000007c0000000, 0x00000007c0000000)
  eden space 462336K, 0% used [0x000000076b780000,0x000000076b780000,0x0000000787b00000)
  from space 461312K, 95% used [0x0000000787b00000,0x00000007a2822ea0,0x00000007a3d80000)
  to   space 461312K, 0% used [0x00000007a3d80000,0x00000007a3d80000,0x00000007c0000000)
 ParOldGen       total 569344K, used 426580K [0x00000006c2600000, 0x00000006e5200000, 0x000000076b780000)
  object space 569344K, 74% used [0x00000006c2600000,0x00000006dc6953f8,0x00000006e5200000)
 Metaspace       used 6640K, capacity 6856K, committed 7040K, reserved 1056768K
  class space    used 695K, capacity 769K, committed 896K, reserved 1048576K
}
Event: 100.298 GC heap before
{Heap before GC invocations=18 (full 4):
 PSYoungGen      total 923648K, used 901600K [0x000000076b780000, 0x00000007c0000000, 0x00000007c0000000)
  eden space 462336K, 99% used [0x000000076b780000,0x0000000787ad5538,0x0000000787b00000)
  from space 461312K, 95% used [0x0000000787b00000,0x00000007a2822ea0,0x00000007a3d80000)
  to   space 461312K, 0% used [0x00000007a3d80000,0x00000007a3d80000,0x00000007c0000000)
 ParOldGen       total 569344K, used 426580K [0x00000006c2600000, 0x00000006e5200000, 0x000000076b780000)
  object space 569344K, 74% used [0x00000006c2600000,0x00000006dc6953f8,0x00000006e5200000)
 Metaspace       used 6642K, capacity 6856K, committed 7040K, reserved 1056768K
  class space    used 695K, capacity 769K, committed 896K, reserved 1048576K
Event: 100.344 GC heap after
Heap after GC invocations=18 (full 4):
 PSYoungGen      total 923648K, used 439328K [0x000000076b780000, 0x00000007c0000000, 0x00000007c0000000)
  eden space 462336K, 0% used [0x000000076b780000,0x000000076b780000,0x0000000787b00000)
  from space 461312K, 95% used [0x00000007a3d80000,0x00000007bea882a8,0x00000007c0000000)
  to   space 461312K, 0% used [0x0000000787b00000,0x0000000787b00000,0x00000007a3d80000)
 ParOldGen       total 569344K, used 427118K [0x00000006c2600000, 0x00000006e5200000, 0x000000076b780000)
  object space 569344K, 75% used [0x00000006c2600000,0x00000006dc71bb78,0x00000006e5200000)
 Metaspace       used 6642K, capacity 6856K, committed 7040K, reserved 1056768K
  class space    used 695K, capacity 769K, committed 896K, reserved 1048576K
}
Event: 144.713 GC heap before
{Heap before GC invocations=19 (full 4):
 PSYoungGen      total 923648K, used 901664K [0x000000076b780000, 0x00000007c0000000, 0x00000007c0000000)
  eden space 462336K, 100% used [0x000000076b780000,0x0000000787b00000,0x0000000787b00000)
  from space 461312K, 95% used [0x00000007a3d80000,0x00000007bea882a8,0x00000007c0000000)
  to   space 461312K, 0% used [0x0000000787b00000,0x0000000787b00000,0x00000007a3d80000)
 ParOldGen       total 569344K, used 427118K [0x00000006c2600000, 0x00000006e5200000, 0x000000076b780000)
  object space 569344K, 75% used [0x00000006c2600000,0x00000006dc71bb78,0x00000006e5200000)
 Metaspace       used 6650K, capacity 6856K, committed 7040K, reserved 1056768K
  class space    used 695K, capacity 769K, committed 896K, reserved 1048576K
Event: 144.756 GC heap after
Heap after GC invocations=19 (full 4):
 PSYoungGen      total 923648K, used 437891K [0x000000076b780000, 0x00000007c0000000, 0x00000007c0000000)
  eden space 462336K, 0% used [0x000000076b780000,0x000000076b780000,0x0000000787b00000)
  from space 461312K, 94% used [0x0000000787b00000,0x00000007a26a0ee8,0x00000007a3d80000)
  to   space 461312K, 0% used [0x00000007a3d80000,0x00000007a3d80000,0x00000007c0000000)
 ParOldGen       total 569344K, used 427338K [0x00000006c2600000, 0x00000006e5200000, 0x000000076b780000)
  object space 569344K, 75% used [0x00000006c2600000,0x00000006dc7529f0,0x00000006e5200000)
 Metaspace       used 6650K, capacity 6856K, committed 7040K, reserved 1056768K
  class space    used 695K, capacity 769K, committed 896K, reserved 1048576K
}

