# JRE version: OpenJDK Runtime Environment (8.0_252-b09) (build 1.8.0_252-b09)
# Java VM: OpenJDK 64-Bit Server VM (25.252-b09 mixed mode windows-amd64 compressed oops)
Heap:
 PSYoungGen      total 330752K, used 97625K [0x000000076b780000, 0x0000000795d00000, 0x00000007c0000000)
  eden space 228864K, 42% used [0x000000076b780000,0x00000007716d6498,0x0000000779700000)
  from space 101888K, 0% used [0x0000000779700000,0x0000000779700000,0x000000077fa80000)
  to   space 124928K, 0% used [0x000000078e300000,0x000000078e300000,0x0000000795d00000)
 ParOldGen       total 402944K, used 210937K [0x00000006c2600000, 0x00000006daf80000, 0x000000076b780000)
  object space 402944K, 52% used [0x00000006c2600000,0x00000006cf3fe720,0x00000006daf80000)
 Metaspace       used 6513K, capacity 6716K, committed 6912K, reserved 1056768K
  class space    used 686K, capacity 767K, committed 768K, reserved 1048576K
GC Heap History (10 events):
Event: 32.155 GC heap before
{Heap before GC invocations=6 (full 1):
 PSYoungGen      total 138752K, used 138733K [0x000000076b780000, 0x0000000774b80000, 0x00000007c0000000)
  eden space 128000K, 99% used [0x000000076b780000,0x000000077347fbb8,0x0000000773480000)
  from space 10752K, 99% used [0x0000000774100000,0x0000000774b7bbc8,0x0000000774b80000)
  to   space 10752K, 0% used [0x0000000773680000,0x0000000773680000,0x0000000774100000)
 ParOldGen       total 192000K, used 115561K [0x00000006c2600000, 0x00000006ce180000, 0x000000076b780000)
  object space 192000K, 60% used [0x00000006c2600000,0x00000006c96da7a0,0x00000006ce180000)
 Metaspace       used 6478K, capacity 6652K, committed 6656K, reserved 1056768K
  class space    used 682K, capacity 767K, committed 768K, reserved 1048576K
Event: 32.178 GC heap after
Heap after GC invocations=6 (full 1):
 PSYoungGen      total 140800K, used 10637K [0x000000076b780000, 0x0000000784980000, 0x00000007c0000000)
  eden space 130048K, 0% used [0x000000076b780000,0x000000076b780000,0x0000000773680000)
  from space 10752K, 98% used [0x0000000773680000,0x00000007740e3770,0x0000000774100000)
  to   space 80896K, 0% used [0x000000077fa80000,0x000000077fa80000,0x0000000784980000)
 ParOldGen       total 225792K, used 225317K [0x00000006c2600000, 0x00000006d0280000, 0x000000076b780000)
  object space 225792K, 99% used [0x00000006c2600000,0x00000006d02097d8,0x00000006d0280000)
 Metaspace       used 6478K, capacity 6652K, committed 6656K, reserved 1056768K
  class space    used 682K, capacity 767K, committed 768K, reserved 1048576K
}
Event: 32.178 GC heap before
{Heap before GC invocations=7 (full 2):
 PSYoungGen      total 140800K, used 10637K [0x000000076b780000, 0x0000000784980000, 0x00000007c0000000)
  eden space 130048K, 0% used [0x000000076b780000,0x000000076b780000,0x0000000773680000)
  from space 10752K, 98% used [0x0000000773680000,0x00000007740e3770,0x0000000774100000)
  to   space 80896K, 0% used [0x000000077fa80000,0x000000077fa80000,0x0000000784980000)
 ParOldGen       total 225792K, used 225317K [0x00000006c2600000, 0x00000006d0280000, 0x000000076b780000)
  object space 225792K, 99% used [0x00000006c2600000,0x00000006d02097d8,0x00000006d0280000)
 Metaspace       used 6478K, capacity 6652K, committed 6656K, reserved 1056768K
  class space    used 682K, capacity 767K, committed 768K, reserved 1048576K
Event: 32.197 GC heap after
Heap after GC invocations=7 (full 2):
 PSYoungGen      total 140800K, used 0K [0x000000076b780000, 0x0000000784980000, 0x00000007c0000000)
  eden space 130048K, 0% used [0x000000076b780000,0x000000076b780000,0x0000000773680000)
  from space 10752K, 0% used [0x0000000773680000,0x0000000773680000,0x0000000774100000)
  to   space 80896K, 0% used [0x000000077fa80000,0x000000077fa80000,0x0000000784980000)
 ParOldGen       total 289280K, used 120253K [0x00000006c2600000, 0x00000006d4080000, 0x000000076b780000)
  object space 289280K, 41% used [0x00000006c2600000,0x00000006c9b6f568,0x00000006d4080000)
 Metaspace       used 6478K, capacity 6652K, committed 6656K, reserved 1056768K
  class space    used 682K, capacity 767K, committed 768K, reserved 1048576K
}
Event: 47.098 GC heap before
{Heap before GC invocations=8 (full 2):
 PSYoungGen      total 140800K, used 130048K [0x000000076b780000, 0x0000000784980000, 0x00000007c0000000)
  eden space 130048K, 100% used [0x000000076b780000,0x0000000773680000,0x0000000773680000)
  from space 10752K, 0% used [0x0000000773680000,0x0000000773680000,0x0000000774100000)
  to   space 80896K, 0% used [0x000000077fa80000,0x000000077fa80000,0x0000000784980000)
 ParOldGen       total 289280K, used 120253K [0x00000006c2600000, 0x00000006d4080000, 0x000000076b780000)
  object space 289280K, 41% used [0x00000006c2600000,0x00000006c9b6f568,0x00000006d4080000)
 Metaspace       used 6478K, capacity 6652K, committed 6656K, reserved 1056768K
  class space    used 682K, capacity 767K, committed 768K, reserved 1048576K
Event: 47.119 GC heap after
Heap after GC invocations=8 (full 2):
 PSYoungGen      total 309760K, used 80742K [0x000000076b780000, 0x0000000787600000, 0x00000007c0000000)
  eden space 228864K, 0% used [0x000000076b780000,0x000000076b780000,0x0000000779700000)
  from space 80896K, 99% used [0x000000077fa80000,0x0000000784959ac0,0x0000000784980000)
  to   space 101888K, 0% used [0x0000000779700000,0x0000000779700000,0x000000077fa80000)
 ParOldGen       total 289280K, used 160403K [0x00000006c2600000, 0x00000006d4080000, 0x000000076b780000)
  object space 289280K, 55% used [0x00000006c2600000,0x00000006cc2a4db8,0x00000006d4080000)
 Metaspace       used 6478K, capacity 6652K, committed 6656K, reserved 1056768K
  class space    used 682K, capacity 767K, committed 768K, reserved 1048576K
}
Event: 54.364 GC heap before
{Heap before GC invocations=9 (full 2):
 PSYoungGen      total 309760K, used 309454K [0x000000076b780000, 0x0000000787600000, 0x00000007c0000000)
  eden space 228864K, 99% used [0x000000076b780000,0x00000007796d9f38,0x0000000779700000)
  from space 80896K, 99% used [0x000000077fa80000,0x0000000784959ac0,0x0000000784980000)
  to   space 101888K, 0% used [0x0000000779700000,0x0000000779700000,0x000000077fa80000)
 ParOldGen       total 289280K, used 160403K [0x00000006c2600000, 0x00000006d4080000, 0x000000076b780000)
  object space 289280K, 55% used [0x00000006c2600000,0x00000006cc2a4db8,0x00000006d4080000)
 Metaspace       used 6508K, capacity 6716K, committed 6912K, reserved 1056768K
  class space    used 686K, capacity 767K, committed 768K, reserved 1048576K
Event: 54.459 GC heap after
Heap after GC invocations=9 (full 2):
 PSYoungGen      total 330752K, used 101855K [0x000000076b780000, 0x0000000795d00000, 0x00000007c0000000)
  eden space 228864K, 0% used [0x000000076b780000,0x000000076b780000,0x0000000779700000)
  from space 101888K, 99% used [0x0000000779700000,0x000000077fa77ca0,0x000000077fa80000)
  to   space 124928K, 0% used [0x000000078e300000,0x000000078e300000,0x0000000795d00000)
 ParOldGen       total 289280K, used 269792K [0x00000006c2600000, 0x00000006d4080000, 0x000000076b780000)
  object space 289280K, 93% used [0x00000006c2600000,0x00000006d2d78100,0x00000006d4080000)
 Metaspace       used 6508K, capacity 6716K, committed 6912K, reserved 1056768K
  class space    used 686K, capacity 767K, committed 768K, reserved 1048576K
}
Event: 54.459 GC heap before
{Heap before GC invocations=10 (full 3):
 PSYoungGen      total 330752K, used 101855K [0x000000076b780000, 0x0000000795d00000, 0x00000007c0000000)
  eden space 228864K, 0% used [0x000000076b780000,0x000000076b780000,0x0000000779700000)
  from space 101888K, 99% used [0x0000000779700000,0x000000077fa77ca0,0x000000077fa80000)
  to   space 124928K, 0% used [0x000000078e300000,0x000000078e300000,0x0000000795d00000)
 ParOldGen       total 289280K, used 269792K [0x00000006c2600000, 0x00000006d4080000, 0x000000076b780000)
  object space 289280K, 93% used [0x00000006c2600000,0x00000006d2d78100,0x00000006d4080000)
 Metaspace       used 6508K, capacity 6716K, committed 6912K, reserved 1056768K
  class space    used 686K, capacity 767K, committed 768K, reserved 1048576K
Event: 54.517 GC heap after
Heap after GC invocations=10 (full 3):
 PSYoungGen      total 330752K, used 0K [0x000000076b780000, 0x0000000795d00000, 0x00000007c0000000)
  eden space 228864K, 0% used [0x000000076b780000,0x000000076b780000,0x0000000779700000)
  from space 101888K, 0% used [0x0000000779700000,0x0000000779700000,0x000000077fa80000)
  to   space 124928K, 0% used [0x000000078e300000,0x000000078e300000,0x0000000795d00000)
 ParOldGen       total 402944K, used 210937K [0x00000006c2600000, 0x00000006daf80000, 0x000000076b780000)
  object space 402944K, 52% used [0x00000006c2600000,0x00000006cf3fe720,0x00000006daf80000)
 Metaspace       used 6508K, capacity 6716K, committed 6912K, reserved 1056768K
  class space    used 686K, capacity 767K, committed 768K, reserved 1048576K
}

